<?xml version="1.0" encoding="utf-8"?><testsuites name="pytest tests"><testsuite name="pytest" errors="0" failures="0" skipped="0" tests="30" time="13.235" timestamp="2026-08-27T00:10:50.996864+00:00" hostname="agent-env-82924de2-3f48-4dd4-a3a2-1224a74ea585"><testcase classname="tests.test_final_iter14.TestPaymentMethods" name="test_seeded_defaults_present" time="1.690" /><testcase classname="tests.test_final_iter14.TestPaymentMethods" name="test_crud_and_persistence" time="0.876" /><testcase classname="tests.test_final_iter14.TestPaymentMethods" name="test_write_requires_manager" time="0.331" /><testcase classname="tests.test_final_iter14.TestPaymentMethods" name="test_read_allowed_for_cashier" time="0.079" /><testcase classname="tests.test_final_iter14.TestDebts" name="test_debt_pay_requires_client" time="0.955" /><testcase classname="tests.test_final_iter14.TestDebts" name="test_debt_pay_increases_balance_and_no_cashback" time="0.650" /><testcase classname="tests.test_final_iter14.TestDebts" name="test_debts_report" time="0.116" /><testcase classname="tests.test_final_iter14.TestDebts" name="test_debts_report_manager_only" time="0.094" /><testcase classname="tests.test_final_iter14.TestDebts" name="test_pay_debt_partial_then_full" time="2.187" /><testcase classname="tests.test_final_iter14.TestDebts" name="test_pay_debt_no_debt_or_bad_amount" time="0.148" /><testcase classname="tests.test_final_iter14.TestDebts" name="test_debt_transactions_logged" time="0.085" /><testcase classname="tests.test_final_iter14.TestDebts" name="test_pay_debt_unknown_client_404" time="0.219" /><testcase classname="tests.test_final_iter14.TestQuickComments" name="test_seeded_and_context_filter" time="0.324" /><testcase classname="tests.test_final_iter14.TestQuickComments" name="test_crud" time="0.525" /><testcase classname="tests.test_final_iter14.TestQuickComments" name="test_invalid_context_422" time="0.062" /><testcase classname="tests.test_final_iter14.TestQuickComments" name="test_manager_only_write" time="0.093" /><testcase classname="tests.test_final_iter14.TestQuickComments" name="test_read_allowed_for_waiter" time="0.331" /><testcase classname="tests.test_final_iter14.TestCashMovements" name="test_movement_in_out_and_list" time="0.334" /><testcase classname="tests.test_final_iter14.TestCashMovements" name="test_bad_amount_400" time="0.217" /><testcase classname="tests.test_final_iter14.TestCashMovements" name="test_bad_type_422" time="0.069" /><testcase classname="tests.test_final_iter14.TestCashMovements" name="test_admin_role_required" time="0.092" /><testcase classname="tests.test_final_iter14.TestCancelReason" name="test_unsent_order_deletes_without_reason" time="0.487" /><testcase classname="tests.test_final_iter14.TestCancelReason" name="test_sent_order_requires_reason" time="0.841" /><testcase classname="tests.test_final_iter14.TestCourses" name="test_category_course_number_crud" time="0.206" /><testcase classname="tests.test_final_iter14.TestCourses" name="test_products_resolve_category_course" time="0.060" /><testcase classname="tests.test_final_iter14.TestCourses" name="test_product_override_wins" time="0.401" /><testcase classname="tests.test_final_iter14.TestCourses" name="test_order_item_course_and_comment_persist" time="0.345" /><testcase classname="tests.test_final_iter14.TestCourses" name="test_ticket_groups_by_course" time="0.440" /><testcase classname="tests.test_final_iter14.TestRegression" name="test_cash_pay_and_shift_totals" time="0.504" /><testcase classname="tests.test_final_iter14.TestRegression" name="test_close_shift_summary_fields" time="0.440" /></testsuite></testsuites>