<?xml version="1.0" encoding="utf-8"?><testsuites name="pytest tests"><testsuite name="pytest" errors="0" failures="1" skipped="2" tests="200" time="42.460" timestamp="2026-08-26T22:19:04.178572+00:00" hostname="agent-env-82924de2-3f48-4dd4-a3a2-1224a74ea585"><testcase classname="tests.test_auth.TestAuth" name="test_admin_login_success" time="0.382" /><testcase classname="tests.test_auth.TestAuth" name="test_admin_login_wrong_password" time="0.510" /><testcase classname="tests.test_multitenancy_iter9.TestScopedLists" name="test_list_non_empty_and_stamped[products]" time="0.962" /><testcase classname="tests.test_auth.TestAuth" name="test_admin_login_unknown_email" time="0.121" /><testcase classname="tests.test_multitenancy_iter9.TestScopedLists" name="test_list_non_empty_and_stamped[categories]" time="0.221" /><testcase classname="tests.test_auth.TestAuth" name="test_login_validation_error" time="0.136" /><testcase classname="tests.test_auth.TestAuth" name="test_pin_login_waiter" time="0.179" /><testcase classname="tests.test_multitenancy_iter9.TestScopedLists" name="test_list_non_empty_and_stamped[workshops]" time="0.148" /><testcase classname="tests.test_auth.TestAuth" name="test_pin_login_admin_cashier" time="0.250" /><testcase classname="tests.test_multitenancy_iter9.TestScopedLists" name="test_list_non_empty_and_stamped[tables]" time="0.153" /><testcase classname="tests.test_multitenancy_iter9.TestScopedLists" name="test_list_non_empty_and_stamped[inventory]" time="0.167" /><testcase classname="tests.test_auth.TestAuth" name="test_pin_login_invalid" time="0.147" /><testcase classname="tests.test_multitenancy_iter9.TestScopedLists" name="test_list_non_empty_and_stamped[staff]" time="0.164" /><testcase classname="tests.test_auth.TestAuth" name="test_me_requires_token" time="0.161" /><testcase classname="tests.test_multitenancy_iter9.TestScopedLists" name="test_list_non_empty_and_stamped[printers]" time="0.145" /><testcase classname="tests.test_auth.TestAuth" name="test_me_bad_token" time="0.150" /><testcase classname="tests.test_multitenancy_iter9.TestScopedLists" name="test_other_lists_ok[suppliers]" time="0.069" /><testcase classname="tests.test_multitenancy_iter9.TestScopedLists" name="test_other_lists_ok[invoices]" time="0.075" /><testcase classname="tests.test_multitenancy_iter9.TestScopedLists" name="test_other_lists_ok[writeoffs]" time="0.306" /><testcase classname="tests.test_auth.TestAuth" name="test_me_with_admin_token" time="0.495" /><testcase classname="tests.test_multitenancy_iter9.TestScopedLists" name="test_other_lists_ok[orders]" time="0.151" /><testcase classname="tests.test_multitenancy_iter9.TestScopedLists" name="test_other_lists_ok[shifts]" time="0.071" /><testcase classname="tests.test_multitenancy_iter9.TestScopedLists" name="test_other_lists_ok[agents]" time="0.074" /><testcase classname="tests.test_multitenancy_iter9.TestScopedLists" name="test_other_lists_ok[print-jobs]" time="0.116" /><testcase classname="tests.test_multitenancy_iter9.TestScopedLists" name="test_tables_visible_to_waiter" time="0.309" /><testcase classname="tests.test_printing.TestPrintJobs" name="test_send_creates_ticket_jobs_grouped_by_workshop" time="1.145" /><testcase classname="tests.test_auth.TestSecurityHardening" name="test_bcrypt_hash_format_in_db" time="0.667" /><testcase classname="tests.test_printing.TestPrintJobs" name="test_delta_send_only_new_items" time="0.838" /><testcase classname="tests.test_auth.TestSecurityHardening" name="test_brute_force_lockout" time="2.598" /><testcase classname="tests.test_printing.TestPrintJobs" name="test_request_bill_creates_precheck_job" time="0.453" /><testcase classname="tests.test_printing.TestPrintJobs" name="test_void_printed_item_creates_void_job" time="0.765" /><testcase classname="tests.test_printing.TestPrintJobs" name="test_emulator_prints_pending_jobs" time="0.943" /><testcase classname="tests.test_auth.TestSecurityHardening" name="test_pin_bruteforce_lockout_same_pin" time="1.132" /><testcase classname="tests.test_printing.TestPrintJobs" name="test_emulate_admin_only" time="0.066" /><testcase classname="tests.test_printing.TestPrintJobs" name="test_retry_resets_job_to_pending" time="0.758" /><testcase classname="tests.test_printing.TestPrintJobs" name="test_retry_bad_id" time="0.086" /><testcase classname="tests.test_auth.TestSecurityHardening" name="test_pin_enumeration_rate_limited" time="2.427"><skipped type="pytest.xfail" message="KNOWN GAP: lockout bucket is keyed on the submitted PIN, so an attacker enumerating the 4-digit PIN space is never rate limited" /></testcase><testcase classname="tests.test_printing.TestPrintJobs" name="test_print_jobs_admin_only" time="0.074" /><testcase classname="tests.test_multitenancy_iter9.TestReports" name="test_report_ok[dashboard]" time="0.091" /><testcase classname="tests.test_multitenancy_iter9.TestReports" name="test_report_ok[sales]" time="0.094" /><testcase classname="tests.test_multitenancy_iter9.TestReports" name="test_report_ok[by-category]" time="0.103" /><testcase classname="tests.test_multitenancy_iter9.TestReports" name="test_report_ok[by-workshop]" time="0.105" /><testcase classname="tests.test_multitenancy_iter9.TestReports" name="test_report_ok[abc]" time="0.143" /><testcase classname="tests.test_multitenancy_iter9.TestReports" name="test_report_ok[analytics]" time="0.095" /><testcase classname="tests.test_multitenancy_iter9.TestReports" name="test_report_ok[corrections]" time="0.082" /><testcase classname="tests.test_multitenancy_iter9.TestReports" name="test_dashboard_shape" time="0.086" /><testcase classname="tests.test_features_iter7.TestRoles" name="test_manager_login_role" time="0.361" /><testcase classname="tests.test_features_iter7.TestRoles" name="test_pin_2222_is_admin" time="0.129" /><testcase classname="tests.test_features_iter7.TestRoles" name="test_pin_1111_is_waiter" time="0.200" /><testcase classname="tests.test_features_iter7.TestRoles" name="test_no_legacy_cashier_role" time="0.089" /><testcase classname="tests.test_features_iter7.TestRoles" name="test_manager_blocked_from_pos_endpoints" time="0.082" /><testcase classname="tests.test_features_iter7.TestRoles" name="test_cashier_blocked_from_backoffice" time="0.211" /><testcase classname="tests.test_features_iter7.TestRoles" name="test_waiter_blocked_from_shift_open" time="0.293" /><testcase classname="tests.test_modifiers_clients_iter11.TestModifierGroupCRUD" name="test_list_groups_have_options_array" time="0.084" /><testcase classname="tests.test_modifiers_clients_iter11.TestModifierGroupCRUD" name="test_seeded_dobavki_group" time="0.125" /><testcase classname="tests.test_auth.TestSecurityHardening" name="test_protected_endpoints_require_auth" time="2.083" /><testcase classname="tests.test_modifiers_clients_iter11.TestModifierGroupCRUD" name="test_create_update_delete_group_and_options" time="0.803" /><testcase classname="tests.test_modifiers_clients_iter11.TestModifierGroupCRUD" name="test_option_on_unknown_group_404" time="0.129" /><testcase classname="tests.test_modifiers_clients_iter11.TestModifierGroupCRUD" name="test_delete_group_cascades_options_and_unlinks_products" time="0.549" /><testcase classname="tests.test_modifiers_clients_iter11.TestModifierGroupCRUD" name="test_modifier_crud_manager_only" time="1.441" /><testcase classname="tests.test_auth.TestSecurityHardening" name="test_admin_only_endpoints_forbidden_for_waiter" time="0.312" /><testcase classname="tests.test_auth.TestSecurityHardening" name="test_waiter_cannot_pay_order" time="0.672" /><testcase classname="tests.test_multitenancy_iter9.TestRoleProtection" name="test_products_post_forbidden[waiter]" time="0.084" /><testcase classname="tests.test_auth.TestSecurityHardening" name="test_invalid_objectid_returns_4xx_not_500" time="0.084" /><testcase classname="tests.test_multitenancy_iter9.TestRoleProtection" name="test_products_post_forbidden[cashier]" time="0.075" /><testcase classname="tests.test_reports_iter8.TestABC" name="test_abc[revenue]" time="0.088" /><testcase classname="tests.test_multitenancy_iter9.TestRoleProtection" name="test_reports_sales_forbidden[waiter]" time="0.081" /><testcase classname="tests.test_reports_iter8.TestABC" name="test_abc[count]" time="0.077" /><testcase classname="tests.test_multitenancy_iter9.TestRoleProtection" name="test_reports_sales_forbidden[cashier]" time="0.120" /><testcase classname="tests.test_reports_iter8.TestABC" name="test_abc_default_metric" time="0.076" /><testcase classname="tests.test_multitenancy_iter9.TestRoleProtection" name="test_no_auth_unauthorized" time="0.136" /><testcase classname="tests.test_reports_iter8.TestABC" name="test_abc_invalid_metric_falls_back" time="0.079" /><testcase classname="tests.test_reports_iter8.TestABC" name="test_abc_403" time="0.144" /><testcase classname="tests.test_multitenancy_iter9.TestRoleProtection" name="test_bad_token_unauthorized" time="0.142" /><testcase classname="tests.test_reports_iter8.TestABC" name="test_abc_empty_range" time="0.092" /><testcase classname="tests.test_features_iter7.TestProtectedVoid" name="test_pending_item_delete_instant" time="0.408" /><testcase classname="tests.test_features_iter2.TestRecipeAutoWriteoff" name="test_seeded_recipes_exist" time="0.190" /><testcase classname="tests.test_features_iter2.TestRecipeAutoWriteoff" name="test_pay_order_deducts_recipe_ingredients_and_logs_writeoff" time="0.530" /><testcase classname="tests.test_features_iter7.TestProtectedVoid" name="test_sent_item_requires_reason" time="0.802" /><testcase classname="tests.test_features_iter2.TestRecipeAutoWriteoff" name="test_writeoff_scales_with_count" time="0.367" /><testcase classname="tests.test_features_iter2.TestRecipeAutoWriteoff" name="test_product_without_recipe_does_not_writeoff" time="0.401" /><testcase classname="tests.test_features_iter7.TestProtectedVoid" name="test_sent_item_wrong_pin_403" time="0.835" /><testcase classname="tests.test_features_iter2.TestRecipeAutoWriteoff" name="test_recipe_editable_via_product_update" time="0.472" /><testcase classname="tests.test_inventory.TestInventory" name="test_item_crud" time="0.389" /><testcase classname="tests.test_features_iter7.TestProtectedVoid" name="test_waiter_void_with_admin_pin_logs_correction" time="0.876" /><testcase classname="tests.test_inventory.TestInventory" name="test_invoice_increases_balance" time="0.615" /><testcase classname="tests.test_inventory.TestInventory" name="test_writeoff_decreases_balance" time="0.382" /><testcase classname="tests.test_features_iter7.TestProtectedVoid" name="test_admin_void_needs_no_pin" time="0.627" /><testcase classname="tests.test_inventory.TestInventory" name="test_writeoff_more_than_balance_rejected" time="0.329" /><testcase classname="tests.test_modifiers_clients_iter11.TestClientCRUD" name="test_seeded_client" time="0.080" /><testcase classname="tests.test_inventory.TestInventory" name="test_writeoff_unknown_item_404" time="0.080" /><testcase classname="tests.test_modifiers_clients_iter11.TestClientCRUD" name="test_create_duplicate_and_lookup" time="0.698" /><testcase classname="tests.test_multitenancy_iter9.TestAuthScope" name="test_manager_login_token_has_rid" time="0.414" /><testcase classname="tests.test_multitenancy_iter9.TestAuthScope" name="test_pin_login[2222-admin]" time="0.138" /><testcase classname="tests.test_multitenancy_iter9.TestAuthScope" name="test_pin_login[1111-waiter]" time="1.231" /><testcase classname="tests.test_modifiers_clients_iter11.TestClientCRUD" name="test_update_client" time="0.307" /><testcase classname="tests.test_modifiers_clients_iter11.TestClientCRUD" name="test_delete_client_manager_only" time="0.394" /><testcase classname="tests.test_modifiers_clients_iter11.TestClientCRUD" name="test_waiter_can_read_and_create" time="0.349" /><testcase classname="tests.test_printing.TestAgents" name="test_seeded_agent_has_key" time="0.131" /><testcase classname="tests.test_multitenancy_iter9.TestAuthScope" name="test_me_returns_restaurant_id" time="0.088" /><testcase classname="tests.test_printing.TestAgents" name="test_create_and_delete_agent" time="0.341" /><testcase classname="tests.test_multitenancy_iter9.TestAuthScope" name="test_bad_pin_rejected" time="0.144" /><testcase classname="tests.test_catalog.TestStaff" name="test_create_waiter_and_delete" time="0.530" /><testcase classname="tests.test_printing.TestAgents" name="test_agents_admin_only" time="0.087" /><testcase classname="tests.test_printing.TestAgents" name="test_agent_bridge_requires_valid_key" time="0.333" /><testcase classname="tests.test_catalog.TestStaff" name="test_duplicate_pin_rejected" time="0.087" /><testcase classname="tests.test_printing.TestAgents" name="test_agent_bridge_with_key" time="0.589" /><testcase classname="tests.test_catalog.TestStaff" name="test_waiter_without_pin_rejected" time="0.153" /><testcase classname="tests.test_catalog.TestStaff" name="test_cannot_delete_self" time="0.211" /><testcase classname="tests.test_features_iter7.TestCreateStaff" name="test_create_manager_requires_email_password" time="0.077" /><testcase classname="tests.test_features_iter7.TestCreateStaff" name="test_create_manager_ok" time="0.681" /><testcase classname="tests.test_features_iter2.TestSplitAndMove" name="test_move_order_to_another_table" time="0.920" /><testcase classname="tests.test_features_iter7.TestCreateStaff" name="test_create_pin_admin_ok" time="0.250" /><testcase classname="tests.test_features_iter7.TestCreateStaff" name="test_create_pin_role_requires_pin" time="0.246" /><testcase classname="tests.test_features_iter2.TestSplitAndMove" name="test_split_creates_second_bill" time="0.395" /><testcase classname="tests.test_pos_flow.TestPosFlow" name="test_full_order_lifecycle_and_reports" time="0.290"><failure message="AssertionError: assert {'status': 'open', 'restaurant_id': '6a8f58cee20f695946adacba', 'opened_by': '6a8f281e0847a237dad08a3b', 'opened_by_name': 'Администратор Мария', ...} is None&#10; +  where {'status': 'open', 'restaurant_id': '6a8f58cee20f695946adacba', 'opened_by': '6a8f281e0847a237dad08a3b', 'opened_by_name': 'Администратор Мария', ...} = json()&#10; +    where json = &lt;Response [200]&gt;.json&#10; +      where &lt;Response [200]&gt; = get('https://order-flow-249.preview.emergentagent.com/api/shifts/current', timeout=30)&#10; +        where get = &lt;requests.sessions.Session object at 0xfb8af7e6b6d0&gt;.get">E   AssertionError: assert {'status': 'open', 'restaurant_id': '6a8f58cee20f695946adacba', 'opened_by': '6a8f281e0847a237dad08a3b', 'opened_by_name': 'Администратор Мария', ...} is None
     +  where {'status': 'open', 'restaurant_id': '6a8f58cee20f695946adacba', 'opened_by': '6a8f281e0847a237dad08a3b', 'opened_by_name': 'Администратор Мария', ...} = json()
     +    where json = &lt;Response [200]&gt;.json
     +      where &lt;Response [200]&gt; = get('https://order-flow-249.preview.emergentagent.com/api/shifts/current', timeout=30)
     +        where get = &lt;requests.sessions.Session object at 0xfb8af7e6b6d0&gt;.get</failure></testcase><testcase classname="tests.test_features_iter2.TestSplitAndMove" name="test_split_all_items_rejected" time="0.325" /><testcase classname="tests.test_pos_flow.TestPosFlow" name="test_discount_applied_on_pay" time="0.513" /><testcase classname="tests.test_features_iter2.TestSplitAndMove" name="test_move_and_split_bad_order_id" time="0.135" /><testcase classname="tests.test_printing.TestPrinters" name="test_seeded_printers_present" time="0.144" /><testcase classname="tests.test_pos_flow.TestPosFlow" name="test_order_not_found" time="0.098" /><testcase classname="tests.test_printing.TestPrinters" name="test_printer_crud_lifecycle" time="0.515" /><testcase classname="tests.test_pos_flow.TestPosFlow" name="test_orders_filter_by_status" time="0.111" /><testcase classname="tests.test_warehouse_iter10.TestWarehouses" name="test_seeded_warehouses" time="0.184" /><testcase classname="tests.test_warehouse_iter10.TestWarehouses" name="test_crud_warehouse" time="0.798" /><testcase classname="tests.test_printing.TestPrinters" name="test_printer_bad_id_returns_404" time="0.079" /><testcase classname="tests.test_printing.TestPrinters" name="test_printer_create_requires_admin" time="0.078" /><testcase classname="tests.test_warehouse_iter10.TestStockTransfer" name="test_transfer_moves_stock" time="0.580" /><testcase classname="tests.test_warehouse_iter10.TestWarehouses" name="test_cannot_delete_default" time="0.293" /><testcase classname="tests.test_warehouse_iter10.TestStockTransfer" name="test_transfer_validations" time="0.436" /><testcase classname="tests.test_warehouse_iter10.TestWarehouses" name="test_non_manager_cannot_manage" time="0.117" /><testcase classname="tests.test_features_iter3.TestPrinterEscT" name="test_seeded_printers_have_esct_and_codepage" time="0.086" /><testcase classname="tests.test_features_iter3.TestPrinterEscT" name="test_create_update_printer_persists_esct" time="0.510" /><testcase classname="tests.test_warehouse_iter10.TestStockTransfer" name="test_transfer_requires_manager" time="0.068" /><testcase classname="tests.test_warehouse_iter10.TestStockTransfer" name="test_transfer_unknown_inventory" time="0.266" /><testcase classname="tests.test_features_iter3.TestPrinterEscT" name="test_escpos_payload_has_esc_at_and_esc_t" time="1.851" /><testcase classname="tests.test_modifiers_clients_iter11.TestOrderModifierPricing" name="test_create_order_with_modifier_pricing" time="0.600" /><testcase classname="tests.test_modifiers_clients_iter11.TestOrderModifierPricing" name="test_client_supplied_totals_ignored" time="0.273" /><testcase classname="tests.test_modifiers_clients_iter11.TestOrderModifierPricing" name="test_kitchen_ticket_includes_modifiers" time="0.357" /><testcase classname="tests.test_modifiers_clients_iter11.TestPayWithClientDiscount" name="test_pay_with_client_discount" time="0.541" /><testcase classname="tests.test_modifiers_clients_iter11.TestPayWithClientDiscount" name="test_manual_discount_source" time="0.356" /><testcase classname="tests.test_features_iter3.TestLockoutRegression" name="test_valid_pin_after_many_bad_pins" time="1.890" /><testcase classname="tests.test_modifiers_clients_iter11.TestPayWithClientDiscount" name="test_order_client_id_used_when_pay_omits_it" time="0.410" /><testcase classname="tests.test_modifiers_clients_iter11.TestSalesReportByClient" name="test_group_by_client" time="0.073" /><testcase classname="tests.test_modifiers_clients_iter11.TestSalesReportByClient" name="test_standard_sales_report_unchanged" time="0.079" /><testcase classname="tests.test_modifiers_clients_iter11.TestSalesReportByClient" name="test_sales_report_manager_only" time="0.077" /><testcase classname="tests.test_multitenancy_iter9.TestRestaurants" name="test_current_restaurant" time="0.085" /><testcase classname="tests.test_multitenancy_iter9.TestRestaurants" name="test_list_restaurants" time="0.129" /><testcase classname="tests.test_multitenancy_iter9.TestRestaurants" name="test_current_matches_me" time="0.220" /><testcase classname="tests.test_reports_iter8.TestSalesReport" name="test_sales_ok" time="0.076" /><testcase classname="tests.test_reports_iter8.TestSalesReport" name="test_sales_requires_manager" time="0.247" /><testcase classname="tests.test_reports_iter8.TestSalesReport" name="test_sales_no_auth" time="0.114" /><testcase classname="tests.test_reports_iter8.TestAnalytics" name="test_analytics_shape" time="0.075" /><testcase classname="tests.test_reports_iter8.TestAnalytics" name="test_analytics_403" time="0.153" /><testcase classname="tests.test_reports_iter8.TestAnalytics" name="test_analytics_date_filter_empty_range" time="0.093" /><testcase classname="tests.test_features_iter3.TestLockoutRegression" name="test_valid_admin_login_after_bad_passwords" time="3.473" /><testcase classname="tests.test_reports_iter8.TestByCategory" name="test_by_category" time="0.086" /><testcase classname="tests.test_reports_iter8.TestByCategory" name="test_by_category_403" time="0.302" /><testcase classname="tests.test_reports_iter8.TestByCategory" name="test_by_category_date_filter" time="0.355" /><testcase classname="tests.test_warehouse_iter10.TestReports" name="test_report_inventory" time="0.477" /><testcase classname="tests.test_warehouse_iter10.TestReports" name="test_report_stock_movement" time="1.434" /><testcase classname="tests.test_warehouse_iter10.TestReports" name="test_reports_require_manager" time="0.451" /><testcase classname="tests.test_catalog.TestWorkshops" name="test_crud" time="0.750" /><testcase classname="tests.test_features_iter3.TestLockoutRegression" name="test_lockout_triggers_for_bad_identity" time="1.512" /><testcase classname="tests.test_catalog.TestWorkshops" name="test_seed_workshops_present" time="0.070" /><testcase classname="tests.test_catalog.TestProducts" name="test_crud_and_persistence" time="1.441" /><testcase classname="tests.test_reports_iter8.TestByWorkshop" name="test_by_workshop" time="0.127" /><testcase classname="tests.test_reports_iter8.TestByWorkshop" name="test_by_workshop_matches_category_total" time="0.210" /><testcase classname="tests.test_reports_iter8.TestByWorkshop" name="test_by_workshop_403" time="0.168" /><testcase classname="tests.test_catalog.TestProducts" name="test_seed_products" time="0.078" /><testcase classname="tests.test_features_iter3.TestVoidLastItem" name="test_void_last_item_deletes_order" time="0.519" /><testcase classname="tests.test_features_iter2.TestShiftGuardAndRbac" name="test_close_shift_blocked_by_open_order" time="0.936" /><testcase classname="tests.test_features_iter3.TestVoidLastItem" name="test_void_non_last_item_keeps_order" time="1.031" /><testcase classname="tests.test_features_iter2.TestShiftGuardAndRbac" name="test_waiter_cannot_pay" time="0.210" /><testcase classname="tests.test_features_iter3.TestShiftRbac" name="test_waiter_cannot_open_shift" time="0.083" /><testcase classname="tests.test_features_iter3.TestShiftRbac" name="test_cashier_can_open_shift" time="0.067" /><testcase classname="tests.test_features_iter7.TestStaffRoleValidationGaps" name="test_arbitrary_role_rejected" time="0.121"><skipped type="pytest.xfail" message="KNOWN GAP: `role` is not validated against an enum -&gt; POST /staff accepts arbitrary roles (e.g. 'superuser') and skips both the PIN and the email/password requirement, creating an unusable ghost user" /></testcase><testcase classname="tests.test_features_iter7.TestStaffRoleValidationGaps" name="test_put_cannot_make_pin_manager" time="1.082" /><testcase classname="tests.test_features_iter3.TestSplitByIndex" name="test_split_by_index_creates_second_bill_on_same_table" time="0.841" /><testcase classname="tests.test_features_iter3.TestSplitByIndex" name="test_split_invalid_index_rejected" time="0.599" /><testcase classname="tests.test_multitenancy_iter9.TestPosFlow" name="test_full_flow" time="1.266" /><testcase classname="tests.test_reports_iter8.TestCorrections" name="test_corrections" time="0.091" /><testcase classname="tests.test_reports_iter8.TestCorrections" name="test_corrections_403" time="0.124" /><testcase classname="tests.test_warehouse_iter10.TestAutoCost" name="test_auto_cost_from_recipe" time="1.019" /><testcase classname="tests.test_multitenancy_iter9.TestPosFlow" name="test_shift_close_works" time="0.241" /><testcase classname="tests.test_warehouse_iter10.TestInventoryStocks" name="test_stocks_and_balance_consistent" time="0.167" /><testcase classname="tests.test_warehouse_iter10.TestInventoryStocks" name="test_initial_balance_lands_on_chosen_warehouse" time="0.266" /><testcase classname="tests.test_warehouse_iter10.TestAutoCost" name="test_manual_product_cost_not_touched_by_invoice" time="0.887" /><testcase classname="tests.test_catalog.TestTables" name="test_crud" time="0.347" /><testcase classname="tests.test_features_iter3.TestShiftCloseGuard" name="test_guard_blocks_then_allows" time="0.551" /><testcase classname="tests.test_catalog.TestCategories" name="test_crud" time="0.444" /><testcase classname="tests.test_modifiers_clients_iter11.TestProductModifierAssociation" name="test_put_product_persists_modifier_group_ids" time="0.473" /><testcase classname="tests.test_inventory.TestSuppliers" name="test_crud" time="0.289" /><testcase classname="tests.test_modifiers_clients_iter11.TestModifierWriteOff" name="test_pay_writes_off_modifier_ingredient" time="0.723" /><testcase classname="tests.test_modifiers_clients_iter11.TestAuthSanity" name="test_unauthenticated_blocked" time="0.325" /><testcase classname="tests.test_warehouse_iter10.TestInvoicePerWarehouse" name="test_invoice_increases_only_target_warehouse" time="0.502" /><testcase classname="tests.test_reports_iter8" name="test_abc_total_matches_sales" time="0.186" /><testcase classname="tests.test_warehouse_iter10.TestSaleWriteoffWarehouse" name="test_kitchen_sale_reduces_kitchen_warehouse" time="1.139" /><testcase classname="tests.test_warehouse_iter10.TestWriteoffPerWarehouse" name="test_writeoff_decreases_that_warehouse" time="0.730" /><testcase classname="tests.test_warehouse_iter10" name="test_zz_cleanup_movement_docs" time="0.162" /></testsuite></testsuites>