<?xml version="1.0" encoding="utf-8"?><testsuites name="pytest tests"><testsuite name="pytest" errors="0" failures="0" skipped="3" tests="177" time="36.388" timestamp="2026-08-26T21:49:34.058029+00:00" hostname="agent-env-82924de2-3f48-4dd4-a3a2-1224a74ea585"><testcase classname="tests.test_auth.TestAuth" name="test_admin_login_success" time="0.400" /><testcase classname="tests.test_auth.TestAuth" name="test_admin_login_wrong_password" time="0.527" /><testcase classname="tests.test_multitenancy_iter9.TestScopedLists" name="test_list_non_empty_and_stamped[products]" time="0.993" /><testcase classname="tests.test_auth.TestAuth" name="test_admin_login_unknown_email" time="0.196" /><testcase classname="tests.test_multitenancy_iter9.TestScopedLists" name="test_list_non_empty_and_stamped[categories]" time="0.157" /><testcase classname="tests.test_auth.TestAuth" name="test_login_validation_error" time="0.166" /><testcase classname="tests.test_multitenancy_iter9.TestScopedLists" name="test_list_non_empty_and_stamped[workshops]" time="0.158" /><testcase classname="tests.test_auth.TestAuth" name="test_pin_login_waiter" time="0.153" /><testcase classname="tests.test_multitenancy_iter9.TestScopedLists" name="test_list_non_empty_and_stamped[tables]" time="0.123" /><testcase classname="tests.test_multitenancy_iter9.TestScopedLists" name="test_list_non_empty_and_stamped[inventory]" time="0.150" /><testcase classname="tests.test_auth.TestAuth" name="test_pin_login_admin_cashier" time="0.175" /><testcase classname="tests.test_multitenancy_iter9.TestScopedLists" name="test_list_non_empty_and_stamped[staff]" time="0.157" /><testcase classname="tests.test_auth.TestAuth" name="test_pin_login_invalid" time="0.189" /><testcase classname="tests.test_multitenancy_iter9.TestScopedLists" name="test_list_non_empty_and_stamped[printers]" time="0.170" /><testcase classname="tests.test_auth.TestAuth" name="test_me_requires_token" time="0.180" /><testcase classname="tests.test_multitenancy_iter9.TestScopedLists" name="test_other_lists_ok[suppliers]" time="0.103" /><testcase classname="tests.test_auth.TestAuth" name="test_me_bad_token" time="0.145" /><testcase classname="tests.test_multitenancy_iter9.TestScopedLists" name="test_other_lists_ok[invoices]" time="0.066" /><testcase classname="tests.test_multitenancy_iter9.TestScopedLists" name="test_other_lists_ok[writeoffs]" time="0.077" /><testcase classname="tests.test_multitenancy_iter9.TestScopedLists" name="test_other_lists_ok[orders]" time="0.103" /><testcase classname="tests.test_multitenancy_iter9.TestScopedLists" name="test_other_lists_ok[shifts]" time="0.213" /><testcase classname="tests.test_multitenancy_iter9.TestScopedLists" name="test_other_lists_ok[agents]" time="0.097" /><testcase classname="tests.test_auth.TestAuth" name="test_me_with_admin_token" time="0.838" /><testcase classname="tests.test_multitenancy_iter9.TestScopedLists" name="test_other_lists_ok[print-jobs]" time="0.133" /><testcase classname="tests.test_multitenancy_iter9.TestScopedLists" name="test_tables_visible_to_waiter" time="0.333" /><testcase classname="tests.test_auth.TestSecurityHardening" name="test_bcrypt_hash_format_in_db" time="0.685" /><testcase classname="tests.test_printing.TestPrintJobs" name="test_send_creates_ticket_jobs_grouped_by_workshop" time="1.164" /><testcase classname="tests.test_auth.TestSecurityHardening" name="test_brute_force_lockout" time="2.743" /><testcase classname="tests.test_printing.TestPrintJobs" name="test_delta_send_only_new_items" time="1.193" /><testcase classname="tests.test_printing.TestPrintJobs" name="test_request_bill_creates_precheck_job" time="0.377" /><testcase classname="tests.test_printing.TestPrintJobs" name="test_void_printed_item_creates_void_job" time="0.958" /><testcase classname="tests.test_auth.TestSecurityHardening" name="test_pin_bruteforce_lockout_same_pin" time="1.344" /><testcase classname="tests.test_printing.TestPrintJobs" name="test_emulator_prints_pending_jobs" time="0.662" /><testcase classname="tests.test_printing.TestPrintJobs" name="test_emulate_admin_only" time="0.079" /><testcase classname="tests.test_printing.TestPrintJobs" name="test_retry_resets_job_to_pending" time="0.875" /><testcase classname="tests.test_auth.TestSecurityHardening" name="test_pin_enumeration_rate_limited" time="2.917"><skipped type="pytest.xfail" message="KNOWN GAP: lockout bucket is keyed on the submitted PIN, so an attacker enumerating the 4-digit PIN space is never rate limited" /></testcase><testcase classname="tests.test_printing.TestPrintJobs" name="test_retry_bad_id" time="0.078" /><testcase classname="tests.test_printing.TestPrintJobs" name="test_print_jobs_admin_only" time="0.126" /><testcase classname="tests.test_multitenancy_iter9.TestReports" name="test_report_ok[dashboard]" time="0.083" /><testcase classname="tests.test_multitenancy_iter9.TestReports" name="test_report_ok[sales]" time="0.088" /><testcase classname="tests.test_multitenancy_iter9.TestReports" name="test_report_ok[by-category]" time="0.075" /><testcase classname="tests.test_multitenancy_iter9.TestReports" name="test_report_ok[by-workshop]" time="0.092" /><testcase classname="tests.test_multitenancy_iter9.TestReports" name="test_report_ok[abc]" time="0.081" /><testcase classname="tests.test_multitenancy_iter9.TestReports" name="test_report_ok[analytics]" time="0.109" /><testcase classname="tests.test_multitenancy_iter9.TestReports" name="test_report_ok[corrections]" time="0.080" /><testcase classname="tests.test_multitenancy_iter9.TestReports" name="test_dashboard_shape" time="0.080" /><testcase classname="tests.test_features_iter7.TestRoles" name="test_manager_login_role" time="0.388" /><testcase classname="tests.test_features_iter7.TestRoles" name="test_pin_2222_is_admin" time="0.124" /><testcase classname="tests.test_features_iter7.TestRoles" name="test_pin_1111_is_waiter" time="0.130" /><testcase classname="tests.test_features_iter7.TestRoles" name="test_no_legacy_cashier_role" time="0.077" /><testcase classname="tests.test_features_iter7.TestRoles" name="test_manager_blocked_from_pos_endpoints" time="0.101" /><testcase classname="tests.test_features_iter7.TestRoles" name="test_cashier_blocked_from_backoffice" time="0.149" /><testcase classname="tests.test_features_iter7.TestRoles" name="test_waiter_blocked_from_shift_open" time="0.359" /><testcase classname="tests.test_multitenancy_iter9.TestRoleProtection" name="test_products_post_forbidden[waiter]" time="0.093" /><testcase classname="tests.test_multitenancy_iter9.TestRoleProtection" name="test_products_post_forbidden[cashier]" time="0.118" /><testcase classname="tests.test_multitenancy_iter9.TestRoleProtection" name="test_reports_sales_forbidden[waiter]" time="0.081" /><testcase classname="tests.test_auth.TestSecurityHardening" name="test_protected_endpoints_require_auth" time="2.241" /><testcase classname="tests.test_multitenancy_iter9.TestRoleProtection" name="test_reports_sales_forbidden[cashier]" time="0.073" /><testcase classname="tests.test_multitenancy_iter9.TestRoleProtection" name="test_no_auth_unauthorized" time="0.186" /><testcase classname="tests.test_multitenancy_iter9.TestRoleProtection" name="test_bad_token_unauthorized" time="0.178" /><testcase classname="tests.test_reports_iter8.TestABC" name="test_abc[revenue]" time="0.088" /><testcase classname="tests.test_reports_iter8.TestABC" name="test_abc[count]" time="0.112" /><testcase classname="tests.test_reports_iter8.TestABC" name="test_abc_default_metric" time="0.073" /><testcase classname="tests.test_reports_iter8.TestABC" name="test_abc_invalid_metric_falls_back" time="0.111" /><testcase classname="tests.test_reports_iter8.TestABC" name="test_abc_403" time="0.182" /><testcase classname="tests.test_reports_iter8.TestABC" name="test_abc_empty_range" time="0.082" /><testcase classname="tests.test_features_iter2.TestRecipeAutoWriteoff" name="test_seeded_recipes_exist" time="0.160" /><testcase classname="tests.test_features_iter2.TestRecipeAutoWriteoff" name="test_pay_order_deducts_recipe_ingredients_and_logs_writeoff" time="0.550" /><testcase classname="tests.test_features_iter2.TestRecipeAutoWriteoff" name="test_writeoff_scales_with_count" time="0.441" /><testcase classname="tests.test_auth.TestSecurityHardening" name="test_admin_only_endpoints_forbidden_for_waiter" time="0.268" /><testcase classname="tests.test_features_iter2.TestRecipeAutoWriteoff" name="test_product_without_recipe_does_not_writeoff" time="0.294" /><testcase classname="tests.test_features_iter2.TestRecipeAutoWriteoff" name="test_recipe_editable_via_product_update" time="0.459" /><testcase classname="tests.test_auth.TestSecurityHardening" name="test_waiter_cannot_pay_order" time="0.583" /><testcase classname="tests.test_features_iter7.TestProtectedVoid" name="test_pending_item_delete_instant" time="0.502" /><testcase classname="tests.test_auth.TestSecurityHardening" name="test_invalid_objectid_returns_4xx_not_500" time="0.073" /><testcase classname="tests.test_inventory.TestInventory" name="test_item_crud" time="0.229" /><testcase classname="tests.test_inventory.TestInventory" name="test_invoice_increases_balance" time="0.514" /><testcase classname="tests.test_features_iter7.TestProtectedVoid" name="test_sent_item_requires_reason" time="0.955" /><testcase classname="tests.test_inventory.TestInventory" name="test_writeoff_decreases_balance" time="0.317" /><testcase classname="tests.test_inventory.TestInventory" name="test_writeoff_more_than_balance_rejected" time="0.317" /><testcase classname="tests.test_features_iter7.TestProtectedVoid" name="test_sent_item_wrong_pin_403" time="1.030" /><testcase classname="tests.test_inventory.TestInventory" name="test_writeoff_unknown_item_404" time="0.050" /><testcase classname="tests.test_multitenancy_iter9.TestAuthScope" name="test_manager_login_token_has_rid" time="0.380" /><testcase classname="tests.test_multitenancy_iter9.TestAuthScope" name="test_pin_login[2222-admin]" time="0.154" /><testcase classname="tests.test_multitenancy_iter9.TestAuthScope" name="test_pin_login[1111-waiter]" time="0.146" /><testcase classname="tests.test_multitenancy_iter9.TestAuthScope" name="test_me_returns_restaurant_id" time="0.101" /><testcase classname="tests.test_multitenancy_iter9.TestAuthScope" name="test_bad_pin_rejected" time="0.178" /><testcase classname="tests.test_features_iter7.TestProtectedVoid" name="test_waiter_void_with_admin_pin_logs_correction" time="0.669" /><testcase classname="tests.test_printing.TestAgents" name="test_seeded_agent_has_key" time="0.053" /><testcase classname="tests.test_printing.TestAgents" name="test_create_and_delete_agent" time="0.265" /><testcase classname="tests.test_printing.TestAgents" name="test_agents_admin_only" time="0.054" /><testcase classname="tests.test_printing.TestAgents" name="test_agent_bridge_requires_valid_key" time="0.346" /><testcase classname="tests.test_features_iter7.TestProtectedVoid" name="test_admin_void_needs_no_pin" time="0.657" /><testcase classname="tests.test_printing.TestAgents" name="test_agent_bridge_with_key" time="0.563" /><testcase classname="tests.test_catalog.TestStaff" name="test_create_waiter_and_delete" time="0.552" /><testcase classname="tests.test_features_iter2.TestSplitAndMove" name="test_move_order_to_another_table" time="0.450" /><testcase classname="tests.test_features_iter2.TestSplitAndMove" name="test_split_creates_second_bill" time="0.383" /><testcase classname="tests.test_catalog.TestStaff" name="test_duplicate_pin_rejected" time="0.076" /><testcase classname="tests.test_catalog.TestStaff" name="test_waiter_without_pin_rejected" time="0.091" /><testcase classname="tests.test_catalog.TestStaff" name="test_cannot_delete_self" time="0.194" /><testcase classname="tests.test_features_iter2.TestSplitAndMove" name="test_split_all_items_rejected" time="0.509" /><testcase classname="tests.test_features_iter7.TestCreateStaff" name="test_create_manager_requires_email_password" time="0.113" /><testcase classname="tests.test_features_iter7.TestCreateStaff" name="test_create_manager_ok" time="0.752" /><testcase classname="tests.test_features_iter2.TestSplitAndMove" name="test_move_and_split_bad_order_id" time="0.169" /><testcase classname="tests.test_pos_flow.TestPosFlow" name="test_full_order_lifecycle_and_reports" time="1.968" /><testcase classname="tests.test_features_iter7.TestCreateStaff" name="test_create_pin_admin_ok" time="0.242" /><testcase classname="tests.test_features_iter7.TestCreateStaff" name="test_create_pin_role_requires_pin" time="0.309" /><testcase classname="tests.test_printing.TestPrinters" name="test_seeded_printers_present" time="0.147" /><testcase classname="tests.test_printing.TestPrinters" name="test_printer_crud_lifecycle" time="0.485" /><testcase classname="tests.test_printing.TestPrinters" name="test_printer_bad_id_returns_404" time="0.075" /><testcase classname="tests.test_printing.TestPrinters" name="test_printer_create_requires_admin" time="0.085" /><testcase classname="tests.test_warehouse_iter10.TestWarehouses" name="test_seeded_warehouses" time="0.202" /><testcase classname="tests.test_warehouse_iter10.TestWarehouses" name="test_crud_warehouse" time="0.624" /><testcase classname="tests.test_pos_flow.TestPosFlow" name="test_discount_applied_on_pay" time="0.347" /><testcase classname="tests.test_pos_flow.TestPosFlow" name="test_order_not_found" time="0.064" /><testcase classname="tests.test_pos_flow.TestPosFlow" name="test_orders_filter_by_status" time="0.073" /><testcase classname="tests.test_warehouse_iter10.TestWarehouses" name="test_cannot_delete_default" time="0.170" /><testcase classname="tests.test_warehouse_iter10.TestStockTransfer" name="test_transfer_moves_stock" time="0.467" /><testcase classname="tests.test_warehouse_iter10.TestWarehouses" name="test_non_manager_cannot_manage" time="0.062" /><testcase classname="tests.test_features_iter3.TestPrinterEscT" name="test_seeded_printers_have_esct_and_codepage" time="0.082" /><testcase classname="tests.test_features_iter3.TestPrinterEscT" name="test_create_update_printer_persists_esct" time="0.556" /><testcase classname="tests.test_warehouse_iter10.TestStockTransfer" name="test_transfer_validations" time="0.358" /><testcase classname="tests.test_warehouse_iter10.TestStockTransfer" name="test_transfer_requires_manager" time="0.110" /><testcase classname="tests.test_features_iter3.TestPrinterEscT" name="test_escpos_payload_has_esc_at_and_esc_t" time="1.695" /><testcase classname="tests.test_warehouse_iter10.TestStockTransfer" name="test_transfer_unknown_inventory" time="0.250" /><testcase classname="tests.test_multitenancy_iter9.TestRestaurants" name="test_current_restaurant" time="0.103" /><testcase classname="tests.test_multitenancy_iter9.TestRestaurants" name="test_list_restaurants" time="0.053" /><testcase classname="tests.test_multitenancy_iter9.TestRestaurants" name="test_current_matches_me" time="0.163" /><testcase classname="tests.test_reports_iter8.TestSalesReport" name="test_sales_ok" time="0.054" /><testcase classname="tests.test_reports_iter8.TestSalesReport" name="test_sales_requires_manager" time="0.122" /><testcase classname="tests.test_reports_iter8.TestSalesReport" name="test_sales_no_auth" time="0.199" /><testcase classname="tests.test_reports_iter8.TestAnalytics" name="test_analytics_shape" time="0.056" /><testcase classname="tests.test_reports_iter8.TestAnalytics" name="test_analytics_403" time="0.115" /><testcase classname="tests.test_reports_iter8.TestAnalytics" name="test_analytics_date_filter_empty_range" time="0.098" /><testcase classname="tests.test_reports_iter8.TestByCategory" name="test_by_category" time="0.073" /><testcase classname="tests.test_reports_iter8.TestByCategory" name="test_by_category_403" time="0.148" /><testcase classname="tests.test_reports_iter8.TestByCategory" name="test_by_category_date_filter" time="0.119" /><testcase classname="tests.test_reports_iter8.TestByWorkshop" name="test_by_workshop" time="0.056" /><testcase classname="tests.test_reports_iter8.TestByWorkshop" name="test_by_workshop_matches_category_total" time="0.157" /><testcase classname="tests.test_features_iter3.TestLockoutRegression" name="test_valid_pin_after_many_bad_pins" time="1.644" /><testcase classname="tests.test_reports_iter8.TestByWorkshop" name="test_by_workshop_403" time="0.122" /><testcase classname="tests.test_warehouse_iter10.TestReports" name="test_report_inventory" time="0.193" /><testcase classname="tests.test_warehouse_iter10.TestReports" name="test_report_stock_movement" time="0.529" /><testcase classname="tests.test_warehouse_iter10.TestReports" name="test_reports_require_manager" time="0.235" /><testcase classname="tests.test_catalog.TestWorkshops" name="test_crud" time="0.474" /><testcase classname="tests.test_features_iter3.TestLockoutRegression" name="test_valid_admin_login_after_bad_passwords" time="3.584" /><testcase classname="tests.test_catalog.TestWorkshops" name="test_seed_workshops_present" time="0.317" /><testcase classname="tests.test_catalog.TestProducts" name="test_crud_and_persistence" time="1.204" /><testcase classname="tests.test_catalog.TestProducts" name="test_seed_products" time="0.072" /><testcase classname="tests.test_features_iter3.TestVoidLastItem" name="test_void_last_item_deletes_order" time="0.833" /><testcase classname="tests.test_features_iter3.TestVoidLastItem" name="test_void_non_last_item_keeps_order" time="1.095" /><testcase classname="tests.test_features_iter3.TestSplitByIndex" name="test_split_by_index_creates_second_bill_on_same_table" time="0.865" /><testcase classname="tests.test_features_iter3.TestLockoutRegression" name="test_lockout_triggers_for_bad_identity" time="1.407" /><testcase classname="tests.test_features_iter3.TestSplitByIndex" name="test_split_invalid_index_rejected" time="0.493" /><testcase classname="tests.test_features_iter3.TestShiftRbac" name="test_waiter_cannot_open_shift" time="0.106" /><testcase classname="tests.test_features_iter3.TestShiftRbac" name="test_cashier_can_open_shift" time="0.079" /><testcase classname="tests.test_features_iter7.TestStaffRoleValidationGaps" name="test_arbitrary_role_rejected" time="0.061"><skipped type="pytest.xfail" message="KNOWN GAP: `role` is not validated against an enum -&gt; POST /staff accepts arbitrary roles (e.g. 'superuser') and skips both the PIN and the email/password requirement, creating an unusable ghost user" /></testcase><testcase classname="tests.test_features_iter7.TestStaffRoleValidationGaps" name="test_put_cannot_make_pin_manager" time="0.173" /><testcase classname="tests.test_features_iter2.TestShiftGuardAndRbac" name="test_close_shift_blocked_by_open_order" time="1.174" /><testcase classname="tests.test_reports_iter8.TestCorrections" name="test_corrections" time="0.062" /><testcase classname="tests.test_reports_iter8.TestCorrections" name="test_corrections_403" time="0.055" /><testcase classname="tests.test_warehouse_iter10.TestInventoryStocks" name="test_stocks_and_balance_consistent" time="0.160" /><testcase classname="tests.test_warehouse_iter10.TestInventoryStocks" name="test_initial_balance_lands_on_chosen_warehouse" time="0.169" /><testcase classname="tests.test_warehouse_iter10.TestAutoCost" name="test_auto_cost_from_recipe" time="0.828" /><testcase classname="tests.test_features_iter2.TestShiftGuardAndRbac" name="test_waiter_cannot_pay" time="0.292" /><testcase classname="tests.test_multitenancy_iter9.TestPosFlow" name="test_full_flow" time="1.509" /><testcase classname="tests.test_warehouse_iter10.TestAutoCost" name="test_manual_product_cost_not_touched_by_invoice" time="0.891" /><testcase classname="tests.test_catalog.TestCategories" name="test_crud" time="0.215" /><testcase classname="tests.test_features_iter3.TestShiftCloseGuard" name="test_guard_blocks_then_allows" time="0.706" /><testcase classname="tests.test_multitenancy_iter9.TestPosFlow" name="test_shift_close_works" time="0.105"><skipped type="pytest.skip" message="open orders present; skipping shift close test">/app/backend/tests/test_multitenancy_iter9.py:185: open orders present; skipping shift close test</skipped></testcase><testcase classname="tests.test_catalog.TestTables" name="test_crud" time="0.390" /><testcase classname="tests.test_inventory.TestSuppliers" name="test_crud" time="0.172" /><testcase classname="tests.test_warehouse_iter10.TestInvoicePerWarehouse" name="test_invoice_increases_only_target_warehouse" time="0.594" /><testcase classname="tests.test_reports_iter8" name="test_abc_total_matches_sales" time="0.183" /><testcase classname="tests.test_warehouse_iter10.TestSaleWriteoffWarehouse" name="test_kitchen_sale_reduces_kitchen_warehouse" time="0.814" /><testcase classname="tests.test_warehouse_iter10.TestWriteoffPerWarehouse" name="test_writeoff_decreases_that_warehouse" time="0.643" /><testcase classname="tests.test_warehouse_iter10" name="test_zz_cleanup_movement_docs" time="0.270" /></testsuite></testsuites>