<?xml version="1.0" encoding="utf-8"?><testsuites name="pytest tests"><testsuite name="pytest" errors="0" failures="1" skipped="0" tests="33" time="12.268" timestamp="2026-08-26T22:53:09.370709+00:00" hostname="agent-env-82924de2-3f48-4dd4-a3a2-1224a74ea585"><testcase classname="tests.test_loyalty_iter12.TestLoyaltyGroups" name="test_seeded_group_present" time="0.515" /><testcase classname="tests.test_loyalty_iter12.TestLoyaltyGroups" name="test_crud_group" time="0.405" /><testcase classname="tests.test_loyalty_iter12.TestLoyaltyGroups" name="test_update_unknown_404" time="0.074" /><testcase classname="tests.test_loyalty_iter12.TestLoyaltyGroups" name="test_delete_unknown_404" time="0.064"><failure message="AssertionError: expected 404, got 200 {&quot;success&quot;:true}&#10;assert 200 == 404&#10; +  where 200 = &lt;Response [200]&gt;.status_code">tests/test_loyalty_iter12.py:80: in test_delete_unknown_404
    assert r.status_code == 404, f"expected 404, got {r.status_code} {r.text[:200]}"
E   AssertionError: expected 404, got 200 {"success":true}
E   assert 200 == 404
E    +  where 200 = &lt;Response [200]&gt;.status_code</failure></testcase><testcase classname="tests.test_loyalty_iter12.TestLoyaltyGroups" name="test_manager_only" time="0.967" /><testcase classname="tests.test_loyalty_iter12.TestLoyaltyGroups" name="test_delete_group_clears_client_reference" time="0.224" /><testcase classname="tests.test_loyalty_iter12.TestPromotions" name="test_seeded_promo" time="0.057" /><testcase classname="tests.test_loyalty_iter12.TestPromotions" name="test_crud_promo" time="0.319" /><testcase classname="tests.test_loyalty_iter12.TestPromotions" name="test_unknown_404" time="0.127" /><testcase classname="tests.test_loyalty_iter12.TestPromotions" name="test_manager_only" time="0.256" /><testcase classname="tests.test_loyalty_iter12.TestPromotions" name="test_active_filter" time="0.290" /><testcase classname="tests.test_loyalty_iter12.TestClientBonus" name="test_bonus_adjust_and_transactions" time="0.318" /><testcase classname="tests.test_loyalty_iter12.TestClientBonus" name="test_bonus_unknown_client_404" time="0.080" /><testcase classname="tests.test_loyalty_iter12.TestClientBonus" name="test_bonus_manager_only" time="0.200" /><testcase classname="tests.test_loyalty_iter12.TestSettings" name="test_max_bonus_setting_roundtrip" time="0.309" /><testcase classname="tests.test_loyalty_iter12.TestSettings" name="test_settings_receipt_manager_only" time="0.097" /><testcase classname="tests.test_loyalty_iter12.TestPayBonus" name="test_redeem_capped_and_cashback" time="0.764" /><testcase classname="tests.test_loyalty_iter12.TestPayBonus" name="test_redeem_cannot_exceed_balance" time="0.681" /><testcase classname="tests.test_loyalty_iter12.TestPayBonus" name="test_negative_redeem_ignored" time="0.544" /><testcase classname="tests.test_loyalty_iter12.TestPayPromotion" name="test_auto_promo_applies" time="0.543" /><testcase classname="tests.test_loyalty_iter12.TestPayPromotion" name="test_non_stackable_stops_after_first" time="0.657" /><testcase classname="tests.test_loyalty_iter12.TestPayPromotion" name="test_promo_condition_min_qty_blocks" time="0.850" /><testcase classname="tests.test_loyalty_iter12.TestGrossNet" name="test_inventory_processing_loss_persist" time="0.270" /><testcase classname="tests.test_loyalty_iter12.TestGrossNet" name="test_product_yield_autocompute" time="0.356" /><testcase classname="tests.test_loyalty_iter12.TestGrossNet" name="test_yield_no_method_equals_gross" time="0.108" /><testcase classname="tests.test_loyalty_iter12.TestReports" name="test_by_hall" time="0.064" /><testcase classname="tests.test_loyalty_iter12.TestReports" name="test_promotions_report" time="0.052" /><testcase classname="tests.test_loyalty_iter12.TestReports" name="test_loyalty_report" time="0.065" /><testcase classname="tests.test_loyalty_iter12.TestReports" name="test_reports_manager_only" time="0.461" /><testcase classname="tests.test_loyalty_iter12.TestReports" name="test_reports_unauthenticated" time="0.417" /><testcase classname="tests.test_loyalty_iter12.TestSwitcher" name="test_switch_returns_scoped_token" time="0.321" /><testcase classname="tests.test_loyalty_iter12.TestSwitcher" name="test_switch_unknown_404" time="0.056" /><testcase classname="tests.test_loyalty_iter12.TestSwitcher" name="test_switch_manager_only" time="1.636" /></testsuite></testsuites>