<?xml version="1.0" encoding="utf-8"?><testsuites name="pytest tests"><testsuite name="pytest" errors="0" failures="0" skipped="0" tests="23" time="6.818" timestamp="2026-08-26T22:18:17.031729+00:00" hostname="agent-env-82924de2-3f48-4dd4-a3a2-1224a74ea585"><testcase classname="tests.test_modifiers_clients_iter11.TestClientCRUD" name="test_seeded_client" time="0.678" /><testcase classname="tests.test_modifiers_clients_iter11.TestModifierGroupCRUD" name="test_list_groups_have_options_array" time="0.800" /><testcase classname="tests.test_modifiers_clients_iter11.TestClientCRUD" name="test_create_duplicate_and_lookup" time="0.590" /><testcase classname="tests.test_modifiers_clients_iter11.TestModifierGroupCRUD" name="test_seeded_dobavki_group" time="0.069" /><testcase classname="tests.test_modifiers_clients_iter11.TestModifierGroupCRUD" name="test_create_update_delete_group_and_options" time="0.603" /><testcase classname="tests.test_modifiers_clients_iter11.TestClientCRUD" name="test_update_client" time="0.404" /><testcase classname="tests.test_modifiers_clients_iter11.TestModifierGroupCRUD" name="test_option_on_unknown_group_404" time="0.083" /><testcase classname="tests.test_modifiers_clients_iter11.TestModifierGroupCRUD" name="test_delete_group_cascades_options_and_unlinks_products" time="0.571" /><testcase classname="tests.test_modifiers_clients_iter11.TestClientCRUD" name="test_delete_client_manager_only" time="0.986" /><testcase classname="tests.test_modifiers_clients_iter11.TestModifierGroupCRUD" name="test_modifier_crud_manager_only" time="2.010" /><testcase classname="tests.test_modifiers_clients_iter11.TestClientCRUD" name="test_waiter_can_read_and_create" time="0.435" /><testcase classname="tests.test_modifiers_clients_iter11.TestPayWithClientDiscount" name="test_pay_with_client_discount" time="0.511" /><testcase classname="tests.test_modifiers_clients_iter11.TestPayWithClientDiscount" name="test_manual_discount_source" time="0.273" /><testcase classname="tests.test_modifiers_clients_iter11.TestPayWithClientDiscount" name="test_order_client_id_used_when_pay_omits_it" time="0.378" /><testcase classname="tests.test_modifiers_clients_iter11.TestSalesReportByClient" name="test_group_by_client" time="0.082" /><testcase classname="tests.test_modifiers_clients_iter11.TestOrderModifierPricing" name="test_create_order_with_modifier_pricing" time="0.564" /><testcase classname="tests.test_modifiers_clients_iter11.TestSalesReportByClient" name="test_standard_sales_report_unchanged" time="0.074" /><testcase classname="tests.test_modifiers_clients_iter11.TestSalesReportByClient" name="test_sales_report_manager_only" time="0.104" /><testcase classname="tests.test_modifiers_clients_iter11.TestProductModifierAssociation" name="test_put_product_persists_modifier_group_ids" time="0.576" /><testcase classname="tests.test_modifiers_clients_iter11.TestOrderModifierPricing" name="test_client_supplied_totals_ignored" time="0.239" /><testcase classname="tests.test_modifiers_clients_iter11.TestOrderModifierPricing" name="test_kitchen_ticket_includes_modifiers" time="0.433" /><testcase classname="tests.test_modifiers_clients_iter11.TestModifierWriteOff" name="test_pay_writes_off_modifier_ingredient" time="0.741" /><testcase classname="tests.test_modifiers_clients_iter11.TestAuthSanity" name="test_unauthenticated_blocked" time="0.376" /></testsuite></testsuites>