<?xml version="1.0" encoding="utf-8"?><testsuites name="pytest tests"><testsuite name="pytest" errors="0" failures="7" skipped="0" tests="7" time="2.760" timestamp="2026-08-26T22:18:53.978400+00:00" hostname="agent-env-82924de2-3f48-4dd4-a3a2-1224a74ea585"><testcase classname="tests.test_modifiers_edge_iter11.TestModifierValidation" name="test_update_unknown_group_returns_404" time="0.822"><failure message="AssertionError: got 200 body=null&#10;assert 200 == 404&#10; +  where 200 = &lt;Response [200]&gt;.status_code">E   AssertionError: got 200 body=null
    assert 200 == 404
     +  where 200 = &lt;Response [200]&gt;.status_code</failure></testcase><testcase classname="tests.test_modifiers_edge_iter11.TestModifierPriceIntegrity" name="test_price_delta_is_validated_against_db" time="1.407"><failure message="AssertionError: forged price_delta accepted -&gt; subtotal -87.5 (expected 14.0)&#10;assert -87.5 == 14.0&#10; +  where 14.0 = round((12.5 + 1.5), 2)">E   AssertionError: forged price_delta accepted -&gt; subtotal -87.5 (expected 14.0)
    assert -87.5 == 14.0
     +  where 14.0 = round((12.5 + 1.5), 2)</failure></testcase><testcase classname="tests.test_modifiers_edge_iter11.TestModifierValidation" name="test_invalid_selection_type_rejected" time="0.211"><failure message="AssertionError: selection_type is not validated&#10;assert 200 in (400, 422)&#10; +  where 200 = &lt;Response [200]&gt;.status_code">E   AssertionError: selection_type is not validated
    assert 200 in (400, 422)
     +  where 200 = &lt;Response [200]&gt;.status_code</failure></testcase><testcase classname="tests.test_modifiers_edge_iter11.TestModifierValidation" name="test_delete_unknown_client_404" time="0.097"><failure message="AssertionError: deleting a non-existent client returns 200&#10;assert 200 == 404&#10; +  where 200 = &lt;Response [200]&gt;.status_code">E   AssertionError: deleting a non-existent client returns 200
    assert 200 == 404
     +  where 200 = &lt;Response [200]&gt;.status_code</failure></testcase><testcase classname="tests.test_modifiers_edge_iter11.TestClientLookupStrictness" name="test_phone_lookup_is_exact_not_substring" time="0.091"><failure message="AssertionError: substring '123' matched client 'Иван Петров' — lookup is not exact&#10;assert 200 == 404&#10; +  where 200 = &lt;Response [200]&gt;.status_code">E   AssertionError: substring '123' matched client 'Иван Петров' — lookup is not exact
    assert 200 == 404
     +  where 200 = &lt;Response [200]&gt;.status_code</failure></testcase><testcase classname="tests.test_modifiers_edge_iter11.TestModifierPriceIntegrity" name="test_max_count_enforced_server_side" time="0.398"><failure message="AssertionError: max_count not enforced (status 200, subtotal 18.5)&#10;assert 200 == 400&#10; +  where 200 = &lt;Response [200]&gt;.status_code">E   AssertionError: max_count not enforced (status 200, subtotal 18.5)
    assert 200 == 400
     +  where 200 = &lt;Response [200]&gt;.status_code</failure></testcase><testcase classname="tests.test_modifiers_edge_iter11.TestModifierPriceIntegrity" name="test_option_must_belong_to_products_groups" time="0.409"><failure message="AssertionError: unrelated modifier accepted (status 200)&#10;assert 200 == 400&#10; +  where 200 = &lt;Response [200]&gt;.status_code">E   AssertionError: unrelated modifier accepted (status 200)
    assert 200 == 400
     +  where 200 = &lt;Response [200]&gt;.status_code</failure></testcase></testsuite></testsuites>