<?xml version="1.0" encoding="utf-8"?><testsuites name="pytest tests"><testsuite name="pytest" errors="0" failures="1" skipped="2" tests="158" time="92.786" timestamp="2026-08-26T21:25:03.060068+00:00" hostname="agent-env-82924de2-3f48-4dd4-a3a2-1224a74ea585"><testcase classname="tests.test_auth.TestAuth" name="test_admin_login_success" time="0.652" /><testcase classname="tests.test_multitenancy_iter9.TestScopedLists" name="test_list_non_empty_and_stamped[products]" time="0.719" /><testcase classname="tests.test_auth.TestAuth" name="test_admin_login_wrong_password" time="0.403" /><testcase classname="tests.test_multitenancy_iter9.TestScopedLists" name="test_list_non_empty_and_stamped[categories]" time="0.326" /><testcase classname="tests.test_multitenancy_iter9.TestScopedLists" name="test_list_non_empty_and_stamped[workshops]" time="0.209" /><testcase classname="tests.test_auth.TestAuth" name="test_admin_login_unknown_email" time="0.162" /><testcase classname="tests.test_auth.TestAuth" name="test_login_validation_error" time="0.141" /><testcase classname="tests.test_multitenancy_iter9.TestScopedLists" name="test_list_non_empty_and_stamped[tables]" time="0.257" /><testcase classname="tests.test_auth.TestAuth" name="test_pin_login_waiter" time="0.185" /><testcase classname="tests.test_multitenancy_iter9.TestScopedLists" name="test_list_non_empty_and_stamped[inventory]" time="0.216" /><testcase classname="tests.test_auth.TestAuth" name="test_pin_login_admin_cashier" time="0.187" /><testcase classname="tests.test_multitenancy_iter9.TestScopedLists" name="test_list_non_empty_and_stamped[staff]" time="0.203" /><testcase classname="tests.test_auth.TestAuth" name="test_pin_login_invalid" time="0.152" /><testcase classname="tests.test_auth.TestAuth" name="test_me_requires_token" time="0.136" /><testcase classname="tests.test_multitenancy_iter9.TestScopedLists" name="test_list_non_empty_and_stamped[printers]" time="0.199" /><testcase classname="tests.test_auth.TestAuth" name="test_me_bad_token" time="0.126" /><testcase classname="tests.test_multitenancy_iter9.TestScopedLists" name="test_other_lists_ok[suppliers]" time="0.110" /><testcase classname="tests.test_multitenancy_iter9.TestScopedLists" name="test_other_lists_ok[invoices]" time="0.271" /><testcase classname="tests.test_multitenancy_iter9.TestScopedLists" name="test_other_lists_ok[writeoffs]" time="0.120" /><testcase classname="tests.test_auth.TestAuth" name="test_me_with_admin_token" time="0.524" /><testcase classname="tests.test_multitenancy_iter9.TestScopedLists" name="test_other_lists_ok[orders]" time="0.092" /><testcase classname="tests.test_multitenancy_iter9.TestScopedLists" name="test_other_lists_ok[shifts]" time="0.107" /><testcase classname="tests.test_multitenancy_iter9.TestScopedLists" name="test_other_lists_ok[agents]" time="0.103" /><testcase classname="tests.test_multitenancy_iter9.TestScopedLists" name="test_other_lists_ok[print-jobs]" time="0.116" /><testcase classname="tests.test_multitenancy_iter9.TestScopedLists" name="test_tables_visible_to_waiter" time="0.338" /><testcase classname="tests.test_printing.TestPrintJobs" name="test_send_creates_ticket_jobs_grouped_by_workshop" time="1.144" /><testcase classname="tests.test_auth.TestSecurityHardening" name="test_bcrypt_hash_format_in_db" time="0.671" /><testcase classname="tests.test_printing.TestPrintJobs" name="test_delta_send_only_new_items" time="0.762" /><testcase classname="tests.test_auth.TestSecurityHardening" name="test_brute_force_lockout" time="2.697" /><testcase classname="tests.test_printing.TestPrintJobs" name="test_request_bill_creates_precheck_job" time="0.639" /><testcase classname="tests.test_printing.TestPrintJobs" name="test_void_printed_item_creates_void_job" time="0.875" /><testcase classname="tests.test_printing.TestPrintJobs" name="test_emulator_prints_pending_jobs" time="1.007" /><testcase classname="tests.test_auth.TestSecurityHardening" name="test_pin_bruteforce_lockout_same_pin" time="1.367" /><testcase classname="tests.test_printing.TestPrintJobs" name="test_emulate_admin_only" time="0.197" /><testcase classname="tests.test_printing.TestPrintJobs" name="test_retry_resets_job_to_pending" time="0.753" /><testcase classname="tests.test_printing.TestPrintJobs" name="test_retry_bad_id" time="0.140" /><testcase classname="tests.test_auth.TestSecurityHardening" name="test_pin_enumeration_rate_limited" time="2.604"><skipped type="pytest.xfail" message="KNOWN GAP: lockout bucket is keyed on the submitted PIN, so an attacker enumerating the 4-digit PIN space is never rate limited" /></testcase><testcase classname="tests.test_printing.TestPrintJobs" name="test_print_jobs_admin_only" time="0.091" /><testcase classname="tests.test_multitenancy_iter9.TestReports" name="test_report_ok[dashboard]" time="0.078" /><testcase classname="tests.test_multitenancy_iter9.TestReports" name="test_report_ok[sales]" time="0.091" /><testcase classname="tests.test_multitenancy_iter9.TestReports" name="test_report_ok[by-category]" time="0.092" /><testcase classname="tests.test_multitenancy_iter9.TestReports" name="test_report_ok[by-workshop]" time="0.099" /><testcase classname="tests.test_multitenancy_iter9.TestReports" name="test_report_ok[abc]" time="0.148" /><testcase classname="tests.test_multitenancy_iter9.TestReports" name="test_report_ok[analytics]" time="0.122" /><testcase classname="tests.test_multitenancy_iter9.TestReports" name="test_report_ok[corrections]" time="0.086" /><testcase classname="tests.test_multitenancy_iter9.TestReports" name="test_dashboard_shape" time="0.127" /><testcase classname="tests.test_features_iter7.TestRoles" name="test_manager_login_role" time="0.402" /><testcase classname="tests.test_features_iter7.TestRoles" name="test_pin_2222_is_admin" time="0.169" /><testcase classname="tests.test_features_iter7.TestRoles" name="test_pin_1111_is_waiter" time="0.175" /><testcase classname="tests.test_features_iter7.TestRoles" name="test_no_legacy_cashier_role" time="0.086" /><testcase classname="tests.test_features_iter7.TestRoles" name="test_manager_blocked_from_pos_endpoints" time="0.142" /><testcase classname="tests.test_features_iter7.TestRoles" name="test_cashier_blocked_from_backoffice" time="0.161" /><testcase classname="tests.test_features_iter7.TestRoles" name="test_waiter_blocked_from_shift_open" time="0.344" /><testcase classname="tests.test_multitenancy_iter9.TestRoleProtection" name="test_products_post_forbidden[waiter]" time="0.068" /><testcase classname="tests.test_multitenancy_iter9.TestRoleProtection" name="test_products_post_forbidden[cashier]" time="0.092" /><testcase classname="tests.test_auth.TestSecurityHardening" name="test_protected_endpoints_require_auth" time="2.189" /><testcase classname="tests.test_multitenancy_iter9.TestRoleProtection" name="test_reports_sales_forbidden[waiter]" time="0.075" /><testcase classname="tests.test_multitenancy_iter9.TestRoleProtection" name="test_reports_sales_forbidden[cashier]" time="0.085" /><testcase classname="tests.test_multitenancy_iter9.TestRoleProtection" name="test_no_auth_unauthorized" time="0.144" /><testcase classname="tests.test_multitenancy_iter9.TestRoleProtection" name="test_bad_token_unauthorized" time="0.254" /><testcase classname="tests.test_reports_iter8.TestABC" name="test_abc[revenue]" time="0.083" /><testcase classname="tests.test_reports_iter8.TestABC" name="test_abc[count]" time="0.095" /><testcase classname="tests.test_reports_iter8.TestABC" name="test_abc_default_metric" time="0.073" /><testcase classname="tests.test_reports_iter8.TestABC" name="test_abc_invalid_metric_falls_back" time="0.075" /><testcase classname="tests.test_reports_iter8.TestABC" name="test_abc_403" time="0.224" /><testcase classname="tests.test_reports_iter8.TestABC" name="test_abc_empty_range" time="0.092" /><testcase classname="tests.test_features_iter2.TestRecipeAutoWriteoff" name="test_seeded_recipes_exist" time="0.226" /><testcase classname="tests.test_features_iter2.TestRecipeAutoWriteoff" name="test_pay_order_deducts_recipe_ingredients_and_logs_writeoff" time="0.559" /><testcase classname="tests.test_features_iter2.TestRecipeAutoWriteoff" name="test_writeoff_scales_with_count" time="0.423" /><testcase classname="tests.test_auth.TestSecurityHardening" name="test_admin_only_endpoints_forbidden_for_waiter" time="0.272" /><testcase classname="tests.test_features_iter2.TestRecipeAutoWriteoff" name="test_product_without_recipe_does_not_writeoff" time="0.459" /><testcase classname="tests.test_auth.TestSecurityHardening" name="test_waiter_cannot_pay_order" time="0.645" /><testcase classname="tests.test_features_iter2.TestRecipeAutoWriteoff" name="test_recipe_editable_via_product_update" time="0.486" /><testcase classname="tests.test_auth.TestSecurityHardening" name="test_invalid_objectid_returns_4xx_not_500" time="0.086" /><testcase classname="tests.test_inventory.TestInventory" name="test_item_crud" time="0.321" /><testcase classname="tests.test_features_iter7.TestProtectedVoid" name="test_pending_item_delete_instant" time="0.407" /><testcase classname="tests.test_inventory.TestInventory" name="test_invoice_increases_balance" time="0.443" /><testcase classname="tests.test_features_iter7.TestProtectedVoid" name="test_sent_item_requires_reason" time="0.698" /><testcase classname="tests.test_inventory.TestInventory" name="test_writeoff_decreases_balance" time="0.271" /><testcase classname="tests.test_inventory.TestInventory" name="test_writeoff_more_than_balance_rejected" time="0.249" /><testcase classname="tests.test_inventory.TestInventory" name="test_writeoff_unknown_item_404" time="0.066" /><testcase classname="tests.test_features_iter7.TestProtectedVoid" name="test_sent_item_wrong_pin_403" time="0.932" /><testcase classname="tests.test_multitenancy_iter9.TestAuthScope" name="test_manager_login_token_has_rid" time="0.445" /><testcase classname="tests.test_multitenancy_iter9.TestAuthScope" name="test_pin_login[2222-admin]" time="0.157" /><testcase classname="tests.test_multitenancy_iter9.TestAuthScope" name="test_pin_login[1111-waiter]" time="0.167" /><testcase classname="tests.test_multitenancy_iter9.TestAuthScope" name="test_me_returns_restaurant_id" time="0.063" /><testcase classname="tests.test_multitenancy_iter9.TestAuthScope" name="test_bad_pin_rejected" time="0.180" /><testcase classname="tests.test_features_iter7.TestProtectedVoid" name="test_waiter_void_with_admin_pin_logs_correction" time="0.693" /><testcase classname="tests.test_printing.TestAgents" name="test_seeded_agent_has_key" time="0.069" /><testcase classname="tests.test_printing.TestAgents" name="test_create_and_delete_agent" time="0.334" /><testcase classname="tests.test_printing.TestAgents" name="test_agents_admin_only" time="0.067" /><testcase classname="tests.test_printing.TestAgents" name="test_agent_bridge_requires_valid_key" time="0.313" /><testcase classname="tests.test_features_iter7.TestProtectedVoid" name="test_admin_void_needs_no_pin" time="0.808" /><testcase classname="tests.test_printing.TestAgents" name="test_agent_bridge_with_key" time="0.450" /><testcase classname="tests.test_catalog.TestStaff" name="test_create_waiter_and_delete" time="2.385" /><testcase classname="tests.test_features_iter2.TestSplitAndMove" name="test_move_order_to_another_table" time="0.503" /><testcase classname="tests.test_features_iter2.TestSplitAndMove" name="test_split_creates_second_bill" time="0.354" /><testcase classname="tests.test_features_iter2.TestSplitAndMove" name="test_split_all_items_rejected" time="0.267" /><testcase classname="tests.test_features_iter2.TestSplitAndMove" name="test_move_and_split_bad_order_id" time="0.203" /><testcase classname="tests.test_features_iter7.TestCreateStaff" name="test_create_manager_requires_email_password" time="0.083" /><testcase classname="tests.test_features_iter7.TestCreateStaff" name="test_create_manager_ok" time="0.784" /><testcase classname="tests.test_features_iter7.TestCreateStaff" name="test_create_pin_admin_ok" time="0.179" /><testcase classname="tests.test_features_iter7.TestCreateStaff" name="test_create_pin_role_requires_pin" time="0.221" /><testcase classname="tests.test_catalog.TestStaff" name="test_duplicate_pin_rejected" time="0.080" /><testcase classname="tests.test_catalog.TestStaff" name="test_waiter_without_pin_rejected" time="0.127" /><testcase classname="tests.test_pos_flow.TestPosFlow" name="test_full_order_lifecycle_and_reports" time="1.817" /><testcase classname="tests.test_catalog.TestStaff" name="test_cannot_delete_self" time="0.224" /><testcase classname="tests.test_printing.TestPrinters" name="test_seeded_printers_present" time="0.223" /><testcase classname="tests.test_printing.TestPrinters" name="test_printer_crud_lifecycle" time="0.736" /><testcase classname="tests.test_printing.TestPrinters" name="test_printer_bad_id_returns_404" time="0.074" /><testcase classname="tests.test_printing.TestPrinters" name="test_printer_create_requires_admin" time="0.090" /><testcase classname="tests.test_features_iter3.TestPrinterEscT" name="test_seeded_printers_have_esct_and_codepage" time="0.147" /><testcase classname="tests.test_features_iter3.TestPrinterEscT" name="test_create_update_printer_persists_esct" time="0.689" /><testcase classname="tests.test_pos_flow.TestPosFlow" name="test_discount_applied_on_pay" time="0.340" /><testcase classname="tests.test_pos_flow.TestPosFlow" name="test_order_not_found" time="0.060" /><testcase classname="tests.test_pos_flow.TestPosFlow" name="test_orders_filter_by_status" time="0.091" /><testcase classname="tests.test_multitenancy_iter9.TestRestaurants" name="test_current_restaurant" time="0.074" /><testcase classname="tests.test_features_iter3.TestPrinterEscT" name="test_escpos_payload_has_esc_at_and_esc_t" time="1.785" /><testcase classname="tests.test_multitenancy_iter9.TestRestaurants" name="test_list_restaurants" time="0.096" /><testcase classname="tests.test_multitenancy_iter9.TestRestaurants" name="test_current_matches_me" time="0.203" /><testcase classname="tests.test_reports_iter8.TestSalesReport" name="test_sales_ok" time="0.126" /><testcase classname="tests.test_reports_iter8.TestSalesReport" name="test_sales_requires_manager" time="0.149" /><testcase classname="tests.test_reports_iter8.TestSalesReport" name="test_sales_no_auth" time="41.501" /><testcase classname="tests.test_features_iter3.TestLockoutRegression" name="test_valid_pin_after_many_bad_pins" time="60.062"><failure message="requests.exceptions.ConnectTimeout: HTTPSConnectionPool(host='order-flow-249.preview.emergentagent.com', port=443): Max retries exceeded with url: /api/auth/pin-login (Caused by ConnectTimeoutError(&lt;HTTPSConnection(host='order-flow-249.preview.emergentagent.com', port=443) at 0xfbd415a2aa50&gt;, 'Connection to order-flow-249.preview.emergentagent.com timed out. (connect timeout=30)'))">E   TimeoutError: timed out

The above exception was the direct cause of the following exception:
E   urllib3.exceptions.ConnectTimeoutError: (&lt;HTTPSConnection(host='order-flow-249.preview.emergentagent.com', port=443) at 0xfbd415a2aa50&gt;, 'Connection to order-flow-249.preview.emergentagent.com timed out. (connect timeout=30)')

The above exception was the direct cause of the following exception:
E   urllib3.exceptions.MaxRetryError: HTTPSConnectionPool(host='order-flow-249.preview.emergentagent.com', port=443): Max retries exceeded with url: /api/auth/pin-login (Caused by ConnectTimeoutError(&lt;HTTPSConnection(host='order-flow-249.preview.emergentagent.com', port=443) at 0xfbd415a2aa50&gt;, 'Connection to order-flow-249.preview.emergentagent.com timed out. (connect timeout=30)'))

During handling of the above exception, another exception occurred:
E   requests.exceptions.ConnectTimeout: HTTPSConnectionPool(host='order-flow-249.preview.emergentagent.com', port=443): Max retries exceeded with url: /api/auth/pin-login (Caused by ConnectTimeoutError(&lt;HTTPSConnection(host='order-flow-249.preview.emergentagent.com', port=443) at 0xfbd415a2aa50&gt;, 'Connection to order-flow-249.preview.emergentagent.com timed out. (connect timeout=30)'))</failure></testcase><testcase classname="tests.test_reports_iter8.TestAnalytics" name="test_analytics_shape" time="0.119" /><testcase classname="tests.test_reports_iter8.TestAnalytics" name="test_analytics_403" time="0.191" /><testcase classname="tests.test_reports_iter8.TestAnalytics" name="test_analytics_date_filter_empty_range" time="0.070" /><testcase classname="tests.test_reports_iter8.TestByCategory" name="test_by_category" time="0.063" /><testcase classname="tests.test_reports_iter8.TestByCategory" name="test_by_category_403" time="0.141" /><testcase classname="tests.test_reports_iter8.TestByCategory" name="test_by_category_date_filter" time="0.158" /><testcase classname="tests.test_reports_iter8.TestByWorkshop" name="test_by_workshop" time="0.075" /><testcase classname="tests.test_reports_iter8.TestByWorkshop" name="test_by_workshop_matches_category_total" time="0.123" /><testcase classname="tests.test_reports_iter8.TestByWorkshop" name="test_by_workshop_403" time="0.151" /><testcase classname="tests.test_catalog.TestWorkshops" name="test_crud" time="0.332" /><testcase classname="tests.test_catalog.TestWorkshops" name="test_seed_workshops_present" time="0.058" /><testcase classname="tests.test_catalog.TestProducts" name="test_crud_and_persistence" time="0.544" /><testcase classname="tests.test_catalog.TestProducts" name="test_seed_products" time="0.069" /><testcase classname="tests.test_features_iter2.TestShiftGuardAndRbac" name="test_close_shift_blocked_by_open_order" time="0.808" /><testcase classname="tests.test_features_iter2.TestShiftGuardAndRbac" name="test_waiter_cannot_pay" time="0.206" /><testcase classname="tests.test_features_iter3.TestVoidLastItem" name="test_void_last_item_deletes_order" time="0.462" /><testcase classname="tests.test_features_iter3.TestVoidLastItem" name="test_void_non_last_item_keeps_order" time="0.527" /><testcase classname="tests.test_features_iter3.TestSplitByIndex" name="test_split_by_index_creates_second_bill_on_same_table" time="0.716" /><testcase classname="tests.test_features_iter3.TestSplitByIndex" name="test_split_invalid_index_rejected" time="0.462" /><testcase classname="tests.test_features_iter3.TestShiftRbac" name="test_waiter_cannot_open_shift" time="0.086" /><testcase classname="tests.test_features_iter3.TestShiftRbac" name="test_cashier_can_open_shift" time="0.064" /><testcase classname="tests.test_features_iter7.TestStaffRoleValidationGaps" name="test_arbitrary_role_rejected" time="0.069"><skipped type="pytest.xfail" message="KNOWN GAP: `role` is not validated against an enum -&gt; POST /staff accepts arbitrary roles (e.g. 'superuser') and skips both the PIN and the email/password requirement, creating an unusable ghost user" /></testcase><testcase classname="tests.test_features_iter7.TestStaffRoleValidationGaps" name="test_put_cannot_make_pin_manager" time="0.201" /><testcase classname="tests.test_multitenancy_iter9.TestPosFlow" name="test_full_flow" time="1.240" /><testcase classname="tests.test_multitenancy_iter9.TestPosFlow" name="test_shift_close_works" time="0.224" /><testcase classname="tests.test_reports_iter8.TestCorrections" name="test_corrections" time="0.066" /><testcase classname="tests.test_reports_iter8.TestCorrections" name="test_corrections_403" time="0.082" /><testcase classname="tests.test_catalog.TestCategories" name="test_crud" time="0.264" /><testcase classname="tests.test_catalog.TestTables" name="test_crud" time="0.243" /><testcase classname="tests.test_features_iter3.TestShiftCloseGuard" name="test_guard_blocks_then_allows" time="0.506" /><testcase classname="tests.test_inventory.TestSuppliers" name="test_crud" time="0.180" /><testcase classname="tests.test_reports_iter8" name="test_abc_total_matches_sales" time="0.130" /><testcase classname="tests.test_features_iter3.TestLockoutRegression" name="test_valid_admin_login_after_bad_passwords" time="5.594" /><testcase classname="tests.test_features_iter3.TestLockoutRegression" name="test_lockout_triggers_for_bad_identity" time="2.298" /></testsuite></testsuites>