<?xml version="1.0" encoding="utf-8"?><testsuites name="pytest tests"><testsuite name="pytest" errors="0" failures="0" skipped="0" tests="19" time="6.395" timestamp="2026-08-26T21:56:42.366071+00:00" hostname="agent-env-82924de2-3f48-4dd4-a3a2-1224a74ea585"><testcase classname="tests.test_warehouse_iter10.TestStockTransfer" name="test_transfer_moves_stock" time="1.260" /><testcase classname="tests.test_warehouse_iter10.TestWarehouses" name="test_seeded_warehouses" time="1.122" /><testcase classname="tests.test_warehouse_iter10.TestWarehouses" name="test_crud_warehouse" time="0.568" /><testcase classname="tests.test_warehouse_iter10.TestStockTransfer" name="test_transfer_validations" time="0.431" /><testcase classname="tests.test_warehouse_iter10.TestWarehouses" name="test_cannot_delete_default" time="0.223" /><testcase classname="tests.test_warehouse_iter10.TestStockTransfer" name="test_transfer_requires_manager" time="0.326" /><testcase classname="tests.test_warehouse_iter10.TestStockTransfer" name="test_transfer_unknown_inventory" time="0.072" /><testcase classname="tests.test_warehouse_iter10.TestWarehouses" name="test_non_manager_cannot_manage" time="0.258" /><testcase classname="tests.test_warehouse_iter10.TestInventoryStocks" name="test_stocks_and_balance_consistent" time="0.074" /><testcase classname="tests.test_warehouse_iter10.TestInventoryStocks" name="test_initial_balance_lands_on_chosen_warehouse" time="0.156" /><testcase classname="tests.test_warehouse_iter10.TestReports" name="test_report_inventory" time="0.180" /><testcase classname="tests.test_warehouse_iter10.TestAutoCost" name="test_auto_cost_from_recipe" time="0.809" /><testcase classname="tests.test_warehouse_iter10.TestReports" name="test_report_stock_movement" time="0.933" /><testcase classname="tests.test_warehouse_iter10.TestAutoCost" name="test_manual_product_cost_not_touched_by_invoice" time="0.412" /><testcase classname="tests.test_warehouse_iter10.TestReports" name="test_reports_require_manager" time="0.200" /><testcase classname="tests.test_warehouse_iter10.TestWriteoffPerWarehouse" name="test_writeoff_decreases_that_warehouse" time="0.677" /><testcase classname="tests.test_warehouse_iter10.TestInvoicePerWarehouse" name="test_invoice_increases_only_target_warehouse" time="0.427" /><testcase classname="tests.test_warehouse_iter10.TestSaleWriteoffWarehouse" name="test_kitchen_sale_reduces_kitchen_warehouse" time="1.891" /><testcase classname="tests.test_warehouse_iter10" name="test_zz_cleanup_movement_docs" time="0.304" /></testsuite></testsuites>