<?xml version="1.0" encoding="utf-8"?><testsuites name="pytest tests"><testsuite name="pytest" errors="0" failures="0" skipped="0" tests="39" time="5.346" timestamp="2026-08-26T21:24:52.282133+00:00" hostname="agent-env-82924de2-3f48-4dd4-a3a2-1224a74ea585"><testcase classname="tests.test_multitenancy_iter9.TestScopedLists" name="test_list_non_empty_and_stamped[products]" time="0.694" /><testcase classname="tests.test_multitenancy_iter9.TestReports" name="test_report_ok[dashboard]" time="0.900" /><testcase classname="tests.test_multitenancy_iter9.TestScopedLists" name="test_list_non_empty_and_stamped[categories]" time="0.118" /><testcase classname="tests.test_multitenancy_iter9.TestScopedLists" name="test_list_non_empty_and_stamped[workshops]" time="0.115" /><testcase classname="tests.test_multitenancy_iter9.TestReports" name="test_report_ok[sales]" time="0.062" /><testcase classname="tests.test_multitenancy_iter9.TestScopedLists" name="test_list_non_empty_and_stamped[tables]" time="0.121" /><testcase classname="tests.test_multitenancy_iter9.TestReports" name="test_report_ok[by-category]" time="0.066" /><testcase classname="tests.test_multitenancy_iter9.TestReports" name="test_report_ok[by-workshop]" time="0.103" /><testcase classname="tests.test_multitenancy_iter9.TestScopedLists" name="test_list_non_empty_and_stamped[inventory]" time="0.124" /><testcase classname="tests.test_multitenancy_iter9.TestReports" name="test_report_ok[abc]" time="0.105" /><testcase classname="tests.test_multitenancy_iter9.TestScopedLists" name="test_list_non_empty_and_stamped[staff]" time="0.120" /><testcase classname="tests.test_multitenancy_iter9.TestReports" name="test_report_ok[analytics]" time="0.081" /><testcase classname="tests.test_multitenancy_iter9.TestScopedLists" name="test_list_non_empty_and_stamped[printers]" time="0.163" /><testcase classname="tests.test_multitenancy_iter9.TestReports" name="test_report_ok[corrections]" time="0.072" /><testcase classname="tests.test_multitenancy_iter9.TestReports" name="test_dashboard_shape" time="0.063" /><testcase classname="tests.test_multitenancy_iter9.TestRoleProtection" name="test_products_post_forbidden[waiter]" time="0.408" /><testcase classname="tests.test_multitenancy_iter9.TestScopedLists" name="test_other_lists_ok[suppliers]" time="0.060" /><testcase classname="tests.test_multitenancy_iter9.TestScopedLists" name="test_other_lists_ok[invoices]" time="0.064" /><testcase classname="tests.test_multitenancy_iter9.TestScopedLists" name="test_other_lists_ok[writeoffs]" time="0.074" /><testcase classname="tests.test_multitenancy_iter9.TestScopedLists" name="test_other_lists_ok[orders]" time="0.086" /><testcase classname="tests.test_multitenancy_iter9.TestScopedLists" name="test_other_lists_ok[shifts]" time="0.059" /><testcase classname="tests.test_multitenancy_iter9.TestScopedLists" name="test_other_lists_ok[agents]" time="0.062" /><testcase classname="tests.test_multitenancy_iter9.TestRoleProtection" name="test_products_post_forbidden[cashier]" time="0.429" /><testcase classname="tests.test_multitenancy_iter9.TestScopedLists" name="test_other_lists_ok[print-jobs]" time="0.107" /><testcase classname="tests.test_multitenancy_iter9.TestScopedLists" name="test_tables_visible_to_waiter" time="0.254" /><testcase classname="tests.test_multitenancy_iter9.TestAuthScope" name="test_manager_login_token_has_rid" time="0.427" /><testcase classname="tests.test_multitenancy_iter9.TestRoleProtection" name="test_reports_sales_forbidden[waiter]" time="0.109" /><testcase classname="tests.test_multitenancy_iter9.TestRoleProtection" name="test_reports_sales_forbidden[cashier]" time="0.275" /><testcase classname="tests.test_multitenancy_iter9.TestAuthScope" name="test_pin_login[2222-admin]" time="0.107" /><testcase classname="tests.test_multitenancy_iter9.TestRoleProtection" name="test_no_auth_unauthorized" time="0.164" /><testcase classname="tests.test_multitenancy_iter9.TestAuthScope" name="test_pin_login[1111-waiter]" time="0.134" /><testcase classname="tests.test_multitenancy_iter9.TestRoleProtection" name="test_bad_token_unauthorized" time="0.181" /><testcase classname="tests.test_multitenancy_iter9.TestAuthScope" name="test_me_returns_restaurant_id" time="0.054" /><testcase classname="tests.test_multitenancy_iter9.TestAuthScope" name="test_bad_pin_rejected" time="0.165" /><testcase classname="tests.test_multitenancy_iter9.TestRestaurants" name="test_current_restaurant" time="0.090" /><testcase classname="tests.test_multitenancy_iter9.TestRestaurants" name="test_list_restaurants" time="0.061" /><testcase classname="tests.test_multitenancy_iter9.TestRestaurants" name="test_current_matches_me" time="0.136" /><testcase classname="tests.test_multitenancy_iter9.TestPosFlow" name="test_full_flow" time="1.417" /><testcase classname="tests.test_multitenancy_iter9.TestPosFlow" name="test_shift_close_works" time="0.244" /></testsuite></testsuites>