<?xml version="1.0" encoding="utf-8"?><testsuites name="pytest tests"><testsuite name="pytest" errors="0" failures="9" skipped="0" tests="9" time="1.918" timestamp="2026-08-26T22:53:54.441677+00:00" hostname="agent-env-82924de2-3f48-4dd4-a3a2-1224a74ea585"><testcase classname="tests.test_loyalty_edge_iter12.TestEdgeIter12" name="test_overnight_time_window_promo_is_active" time="0.646"><failure message="AssertionError: overnight window 21:00-01:00 not treated as active at 22:53&#10;assert '6a8f6e82ebc0f7246d7e0a36' in []">E   AssertionError: overnight window 21:00-01:00 not treated as active at 22:53
    assert '6a8f6e82ebc0f7246d7e0a36' in []</failure></testcase><testcase classname="tests.test_loyalty_edge_iter12.TestEdgeIter12" name="test_negative_promo_result_value_rejected" time="0.123"><failure message="AssertionError: negative discount_percent accepted (200)&#10;assert 200 == 400&#10; +  where 200 = &lt;Response [200]&gt;.status_code">E   AssertionError: negative discount_percent accepted (200)
    assert 200 == 400
     +  where 200 = &lt;Response [200]&gt;.status_code</failure></testcase><testcase classname="tests.test_loyalty_edge_iter12.TestEdgeIter12" name="test_promo_percent_over_100_rejected" time="0.129"><failure message="AssertionError: result_value=200% accepted (200)&#10;assert 200 == 400&#10; +  where 200 = &lt;Response [200]&gt;.status_code">E   AssertionError: result_value=200% accepted (200)
    assert 200 == 400
     +  where 200 = &lt;Response [200]&gt;.status_code</failure></testcase><testcase classname="tests.test_loyalty_edge_iter12.TestEdgeIter12" name="test_promo_result_type_validated" time="0.127"><failure message="AssertionError: result_type='bogus' accepted (200)&#10;assert 200 in (400, 422)&#10; +  where 200 = &lt;Response [200]&gt;.status_code">E   AssertionError: result_type='bogus' accepted (200)
    assert 200 in (400, 422)
     +  where 200 = &lt;Response [200]&gt;.status_code</failure></testcase><testcase classname="tests.test_loyalty_edge_iter12.TestEdgeIter12" name="test_promo_weekday_range_validated" time="0.122"><failure message="AssertionError: weekdays=[99] accepted (200)&#10;assert 200 in (400, 422)&#10; +  where 200 = &lt;Response [200]&gt;.status_code">E   AssertionError: weekdays=[99] accepted (200)
    assert 200 in (400, 422)
     +  where 200 = &lt;Response [200]&gt;.status_code</failure></testcase><testcase classname="tests.test_loyalty_edge_iter12.TestEdgeIter12" name="test_loyalty_group_type_validated" time="0.151"><failure message="AssertionError: loyalty group type='bogus' accepted (200)&#10;assert 200 in (400, 422)&#10; +  where 200 = &lt;Response [200]&gt;.status_code">E   AssertionError: loyalty group type='bogus' accepted (200)
    assert 200 in (400, 422)
     +  where 200 = &lt;Response [200]&gt;.status_code</failure></testcase><testcase classname="tests.test_loyalty_edge_iter12.TestEdgeIter12" name="test_bonus_cannot_go_negative" time="0.207"><failure message="AssertionError: bonus balance driven negative: 200 {&quot;bonus_balance&quot;:-1000.0}&#10;assert (200 == 400 or (200 == 200 and -1000.0 &gt;= 0))&#10; +  where 200 = &lt;Response [200]&gt;.status_code&#10; +  and   200 = &lt;Response [200]&gt;.status_code">E   AssertionError: bonus balance driven negative: 200 {"bonus_balance":-1000.0}
    assert (200 == 400 or (200 == 200 and -1000.0 &gt;= 0))
     +  where 200 = &lt;Response [200]&gt;.status_code
     +  and   200 = &lt;Response [200]&gt;.status_code</failure></testcase><testcase classname="tests.test_loyalty_edge_iter12.TestEdgeIter12" name="test_delete_unknown_loyalty_group_404" time="0.070"><failure message="AssertionError: got 200&#10;assert 200 == 404&#10; +  where 200 = &lt;Response [200]&gt;.status_code">E   AssertionError: got 200
    assert 200 == 404
     +  where 200 = &lt;Response [200]&gt;.status_code</failure></testcase><testcase classname="tests.test_loyalty_edge_iter12.TestEdgeIter12" name="test_yield_for_pcs_ingredient_not_zero" time="0.318"><failure message="AssertionError: yield_g computed as 0 for a pcs-only recipe&#10;assert 0.0 != 0.0">E   AssertionError: yield_g computed as 0 for a pcs-only recipe
    assert 0.0 != 0.0</failure></testcase></testsuite></testsuites>