<?xml version="1.0" encoding="utf-8"?><testsuites name="pytest tests"><testsuite name="pytest" errors="0" failures="0" skipped="0" tests="21" time="3.699" timestamp="2026-08-26T21:08:32.232866+00:00" hostname="agent-env-82924de2-3f48-4dd4-a3a2-1224a74ea585"><testcase classname="tests.test_reports_iter8.TestSalesReport" name="test_sales_ok" time="0.807" /><testcase classname="tests.test_reports_iter8.TestABC" name="test_abc[revenue]" time="0.975" /><testcase classname="tests.test_reports_iter8.TestABC" name="test_abc[count]" time="0.081" /><testcase classname="tests.test_reports_iter8.TestABC" name="test_abc_default_metric" time="0.102" /><testcase classname="tests.test_reports_iter8.TestSalesReport" name="test_sales_requires_manager" time="0.764" /><testcase classname="tests.test_reports_iter8.TestABC" name="test_abc_invalid_metric_falls_back" time="0.079" /><testcase classname="tests.test_reports_iter8.TestSalesReport" name="test_sales_no_auth" time="0.151" /><testcase classname="tests.test_reports_iter8.TestABC" name="test_abc_403" time="0.738" /><testcase classname="tests.test_reports_iter8.TestAnalytics" name="test_analytics_shape" time="0.099" /><testcase classname="tests.test_reports_iter8.TestAnalytics" name="test_analytics_403" time="0.307" /><testcase classname="tests.test_reports_iter8.TestABC" name="test_abc_empty_range" time="0.075" /><testcase classname="tests.test_reports_iter8.TestByCategory" name="test_by_category" time="0.123" /><testcase classname="tests.test_reports_iter8.TestAnalytics" name="test_analytics_date_filter_empty_range" time="0.101" /><testcase classname="tests.test_reports_iter8.TestByCategory" name="test_by_category_403" time="0.175" /><testcase classname="tests.test_reports_iter8.TestByWorkshop" name="test_by_workshop" time="0.096" /><testcase classname="tests.test_reports_iter8.TestByWorkshop" name="test_by_workshop_matches_category_total" time="0.321" /><testcase classname="tests.test_reports_iter8.TestByCategory" name="test_by_category_date_filter" time="0.177" /><testcase classname="tests.test_reports_iter8.TestCorrections" name="test_corrections" time="0.131" /><testcase classname="tests.test_reports_iter8.TestByWorkshop" name="test_by_workshop_403" time="0.270" /><testcase classname="tests.test_reports_iter8.TestCorrections" name="test_corrections_403" time="0.133" /><testcase classname="tests.test_reports_iter8" name="test_abc_total_matches_sales" time="0.190" /></testsuite></testsuites>