<?xml version="1.0" encoding="utf-8"?><testsuites name="pytest tests"><testsuite name="pytest" errors="0" failures="1" skipped="0" tests="15" time="8.545" timestamp="2026-08-26T23:23:13.841402+00:00" hostname="agent-env-82924de2-3f48-4dd4-a3a2-1224a74ea585"><testcase classname="tests.test_phase3_iter13.TestServiceCharge" name="test_settings_put_and_get" time="0.956" /><testcase classname="tests.test_phase3_iter13.TestServiceCharge" name="test_service_charge_requires_manager" time="0.265" /><testcase classname="tests.test_phase3_iter13.TestServiceCharge" name="test_per_order_toggle_and_pay_total" time="0.762" /><testcase classname="tests.test_phase3_iter13.TestServiceCharge" name="test_default_enabled_applies_when_not_set" time="0.508" /><testcase classname="tests.test_phase3_iter13.TestServiceCharge" name="test_disabled_toggle_no_charge" time="0.702" /><testcase classname="tests.test_phase3_iter13.TestServiceCharge" name="test_toggle_unknown_order_404" time="0.098" /><testcase classname="tests.test_phase3_iter13.TestRefunds" name="test_refund_partial_then_full" time="1.069" /><testcase classname="tests.test_phase3_iter13.TestRefunds" name="test_refund_requires_admin_role" time="0.470" /><testcase classname="tests.test_phase3_iter13.TestRefunds" name="test_refund_unknown_order_404" time="0.086" /><testcase classname="tests.test_phase3_iter13.TestRefunds" name="test_refunds_report" time="0.307" /><testcase classname="tests.test_phase3_iter13.TestReservations" name="test_reservation_crud" time="0.732" /><testcase classname="tests.test_phase3_iter13.TestReservations" name="test_link_reservation_deposit_applied_on_pay" time="0.742"><failure message="AssertionError: {'table_id': None, 'restaurant_id': '6a8f58cee20f695946adacba', 'client_id': None, 'waiter_id': '6a8f281e0847a237dad08a3b', ...}&#10;assert 0 == -82.0&#10; +  where -82.0 = round((18.0 - 100), 2)">tests/test_phase3_iter13.py:280: in test_link_reservation_deposit_applied_on_pay
    assert body["total"] == round(subtotal - 100, 2), body
E   AssertionError: {'table_id': None, 'restaurant_id': '6a8f58cee20f695946adacba', 'client_id': None, 'waiter_id': '6a8f281e0847a237dad08a3b', ...}
E   assert 0 == -82.0
E    +  where -82.0 = round((18.0 - 100), 2)</failure></testcase><testcase classname="tests.test_phase3_iter13.TestStopList" name="test_stop_list_crud_and_products_flag" time="0.951" /><testcase classname="tests.test_phase3_iter13.TestStopList" name="test_new_shift_clears_stop_list" time="0.604" /><testcase classname="tests.test_phase3_iter13.TestZCleanup" name="test_cleanup" time="0.200" /></testsuite></testsuites>