<?xml version="1.0" encoding="utf-8"?><testsuites name="pytest tests"><testsuite name="pytest" errors="0" failures="6" skipped="0" tests="37" time="20.453" timestamp="2026-08-26T18:15:07.227687+00:00" hostname="agent-env-82924de2-3f48-4dd4-a3a2-1224a74ea585"><testcase classname="tests.test_auth.TestAuth" name="test_admin_login_success" time="0.455" /><testcase classname="tests.test_auth.TestAuth" name="test_admin_login_wrong_password" time="0.631" /><testcase classname="tests.test_auth.TestAuth" name="test_admin_login_unknown_email" time="0.163" /><testcase classname="tests.test_auth.TestAuth" name="test_login_validation_error" time="0.230" /><testcase classname="tests.test_auth.TestAuth" name="test_pin_login_waiter" time="0.320" /><testcase classname="tests.test_auth.TestAuth" name="test_pin_login_cashier" time="0.187" /><testcase classname="tests.test_auth.TestAuth" name="test_pin_login_invalid" time="0.211" /><testcase classname="tests.test_auth.TestAuth" name="test_me_requires_token" time="0.226" /><testcase classname="tests.test_auth.TestAuth" name="test_me_bad_token" time="0.163" /><testcase classname="tests.test_auth.TestAuth" name="test_me_with_admin_token" time="0.699" /><testcase classname="tests.test_auth.TestSecurityHardening" name="test_bcrypt_hash_format_in_db" time="0.789" /><testcase classname="tests.test_auth.TestSecurityHardening" name="test_brute_force_lockout" time="2.791"><failure message="AssertionError: no lockout after 7 failures: [401, 401, 401, 401, 401, 401, 401]&#10;assert (429 in [401, 401, 401, 401, 401, 401, ...] or 423 in [401, 401, 401, 401, 401, 401, ...])">E   AssertionError: no lockout after 7 failures: [401, 401, 401, 401, 401, 401, 401]
    assert (429 in [401, 401, 401, 401, 401, 401, ...] or 423 in [401, 401, 401, 401, 401, 401, ...])</failure></testcase><testcase classname="tests.test_auth.TestSecurityHardening" name="test_pin_bruteforce_lockout" time="1.423"><failure message="AssertionError: no PIN lockout: [401, 401, 401, 401, 401, 401, 401]&#10;assert (429 in [401, 401, 401, 401, 401, 401, ...] or 423 in [401, 401, 401, 401, 401, 401, ...])">E   AssertionError: no PIN lockout: [401, 401, 401, 401, 401, 401, 401]
    assert (429 in [401, 401, 401, 401, 401, 401, ...] or 423 in [401, 401, 401, 401, 401, 401, ...])</failure></testcase><testcase classname="tests.test_auth.TestSecurityHardening" name="test_protected_endpoints_require_auth" time="2.108" /><testcase classname="tests.test_auth.TestSecurityHardening" name="test_admin_only_endpoints_forbidden_for_waiter" time="0.515" /><testcase classname="tests.test_auth.TestSecurityHardening" name="test_waiter_cannot_pay_order" time="0.692"><failure message="AssertionError: waiter was able to pay order (status 200)&#10;assert 200 == 403&#10; +  where 200 = &lt;Response [200]&gt;.status_code">E   AssertionError: waiter was able to pay order (status 200)
    assert 200 == 403
     +  where 200 = &lt;Response [200]&gt;.status_code</failure></testcase><testcase classname="tests.test_auth.TestSecurityHardening" name="test_invalid_objectid_returns_4xx_not_500" time="0.107"><failure message="AssertionError: got 500: Internal Server Error&#10;assert 500 in (400, 404, 422)&#10; +  where 500 = &lt;Response [500]&gt;.status_code">E   AssertionError: got 500: Internal Server Error
    assert 500 in (400, 404, 422)
     +  where 500 = &lt;Response [500]&gt;.status_code</failure></testcase><testcase classname="tests.test_catalog.TestWorkshops" name="test_crud" time="0.660" /><testcase classname="tests.test_catalog.TestWorkshops" name="test_seed_workshops_present" time="0.109" /><testcase classname="tests.test_catalog.TestCategories" name="test_crud" time="0.480" /><testcase classname="tests.test_catalog.TestProducts" name="test_crud_and_persistence" time="0.833" /><testcase classname="tests.test_catalog.TestProducts" name="test_seed_products" time="0.084" /><testcase classname="tests.test_catalog.TestTables" name="test_crud" time="0.451" /><testcase classname="tests.test_catalog.TestStaff" name="test_create_waiter_and_delete" time="0.696" /><testcase classname="tests.test_catalog.TestStaff" name="test_duplicate_pin_rejected" time="0.093" /><testcase classname="tests.test_catalog.TestStaff" name="test_waiter_without_pin_rejected" time="0.104" /><testcase classname="tests.test_catalog.TestStaff" name="test_cannot_delete_self" time="0.202" /><testcase classname="tests.test_inventory.TestInventory" name="test_item_crud" time="0.479" /><testcase classname="tests.test_inventory.TestInventory" name="test_invoice_increases_balance" time="0.779" /><testcase classname="tests.test_inventory.TestInventory" name="test_writeoff_decreases_balance" time="0.482" /><testcase classname="tests.test_inventory.TestInventory" name="test_writeoff_more_than_balance_rejected" time="0.490"><failure message="AssertionError: negative stock allowed: status 200, balance now -98.0&#10;assert 200 == 400&#10; +  where 200 = &lt;Response [200]&gt;.status_code">E   AssertionError: negative stock allowed: status 200, balance now -98.0
    assert 200 == 400
     +  where 200 = &lt;Response [200]&gt;.status_code</failure></testcase><testcase classname="tests.test_inventory.TestInventory" name="test_writeoff_unknown_item_404" time="0.113" /><testcase classname="tests.test_inventory.TestSuppliers" name="test_crud" time="0.402" /><testcase classname="tests.test_pos_flow.TestPosFlow" name="test_full_order_lifecycle_and_reports" time="1.589"><failure message="AssertionError: assert {'table_id': '6a8f281e0847a237dad08a49', 'waiter_id': '6a8f281e0847a237dad08a3b', 'waiter_name': 'Кассир Мария', 'item...nt': 2.0, ...}, {'product_id': '6a8f281e0847a237dad08a44', 'name': 'Кола 0.5л', 'price': 3.0, 'count': 1.0, ...}], ...} is None">E   AssertionError: assert {'table_id': '6a8f281e0847a237dad08a49', 'waiter_id': '6a8f281e0847a237dad08a3b', 'waiter_name': 'Кассир Мария', 'item...nt': 2.0, ...}, {'product_id': '6a8f281e0847a237dad08a44', 'name': 'Кола 0.5л', 'price': 3.0, 'count': 1.0, ...}], ...} is None</failure></testcase><testcase classname="tests.test_pos_flow.TestPosFlow" name="test_discount_applied_on_pay" time="0.478" /><testcase classname="tests.test_pos_flow.TestPosFlow" name="test_order_not_found" time="0.080" /><testcase classname="tests.test_pos_flow.TestPosFlow" name="test_orders_filter_by_status" time="0.096" /></testsuite></testsuites>