<?xml version="1.0" encoding="utf-8"?><testsuites name="pytest tests"><testsuite name="pytest" errors="0" failures="0" skipped="1" tests="80" time="73.488" timestamp="2026-08-26T19:08:31.121637+00:00" hostname="agent-env-82924de2-3f48-4dd4-a3a2-1224a74ea585"><testcase classname="tests.test_auth.TestAuth" name="test_admin_login_success" time="0.569" /><testcase classname="tests.test_auth.TestAuth" name="test_admin_login_wrong_password" time="0.375" /><testcase classname="tests.test_auth.TestAuth" name="test_admin_login_unknown_email" time="0.168" /><testcase classname="tests.test_auth.TestAuth" name="test_login_validation_error" time="0.163" /><testcase classname="tests.test_auth.TestAuth" name="test_pin_login_waiter" time="0.152" /><testcase classname="tests.test_auth.TestAuth" name="test_pin_login_cashier" time="0.158" /><testcase classname="tests.test_auth.TestAuth" name="test_pin_login_invalid" time="0.143" /><testcase classname="tests.test_auth.TestAuth" name="test_me_requires_token" time="0.143" /><testcase classname="tests.test_auth.TestAuth" name="test_me_bad_token" time="0.176" /><testcase classname="tests.test_auth.TestAuth" name="test_me_with_admin_token" time="0.612" /><testcase classname="tests.test_auth.TestSecurityHardening" name="test_bcrypt_hash_format_in_db" time="0.692" /><testcase classname="tests.test_auth.TestSecurityHardening" name="test_brute_force_lockout" time="2.674" /><testcase classname="tests.test_auth.TestSecurityHardening" name="test_pin_bruteforce_lockout_same_pin" time="1.249" /><testcase classname="tests.test_auth.TestSecurityHardening" name="test_pin_enumeration_rate_limited" time="2.559"><skipped type="pytest.xfail" message="KNOWN GAP: lockout bucket is keyed on the submitted PIN, so an attacker enumerating the 4-digit PIN space is never rate limited" /></testcase><testcase classname="tests.test_auth.TestSecurityHardening" name="test_protected_endpoints_require_auth" time="2.088" /><testcase classname="tests.test_auth.TestSecurityHardening" name="test_admin_only_endpoints_forbidden_for_waiter" time="0.481" /><testcase classname="tests.test_auth.TestSecurityHardening" name="test_waiter_cannot_pay_order" time="0.666" /><testcase classname="tests.test_auth.TestSecurityHardening" name="test_invalid_objectid_returns_4xx_not_500" time="0.084" /><testcase classname="tests.test_catalog.TestWorkshops" name="test_crud" time="0.410" /><testcase classname="tests.test_catalog.TestWorkshops" name="test_seed_workshops_present" time="0.083" /><testcase classname="tests.test_catalog.TestCategories" name="test_crud" time="0.348" /><testcase classname="tests.test_catalog.TestProducts" name="test_crud_and_persistence" time="0.683" /><testcase classname="tests.test_catalog.TestProducts" name="test_seed_products" time="0.078" /><testcase classname="tests.test_catalog.TestTables" name="test_crud" time="0.356" /><testcase classname="tests.test_catalog.TestStaff" name="test_create_waiter_and_delete" time="0.510" /><testcase classname="tests.test_catalog.TestStaff" name="test_duplicate_pin_rejected" time="0.094" /><testcase classname="tests.test_catalog.TestStaff" name="test_waiter_without_pin_rejected" time="0.083" /><testcase classname="tests.test_catalog.TestStaff" name="test_cannot_delete_self" time="0.172" /><testcase classname="tests.test_features_iter2.TestRecipeAutoWriteoff" name="test_seeded_recipes_exist" time="0.188" /><testcase classname="tests.test_features_iter2.TestRecipeAutoWriteoff" name="test_pay_order_deducts_recipe_ingredients_and_logs_writeoff" time="0.517" /><testcase classname="tests.test_features_iter2.TestRecipeAutoWriteoff" name="test_writeoff_scales_with_count" time="0.392" /><testcase classname="tests.test_features_iter2.TestRecipeAutoWriteoff" name="test_product_without_recipe_does_not_writeoff" time="0.376" /><testcase classname="tests.test_features_iter2.TestRecipeAutoWriteoff" name="test_recipe_editable_via_product_update" time="0.415" /><testcase classname="tests.test_features_iter2.TestSplitAndMove" name="test_move_order_to_another_table" time="0.347" /><testcase classname="tests.test_features_iter2.TestSplitAndMove" name="test_split_creates_second_bill" time="0.434" /><testcase classname="tests.test_features_iter2.TestSplitAndMove" name="test_split_all_items_rejected" time="0.373" /><testcase classname="tests.test_features_iter2.TestSplitAndMove" name="test_move_and_split_bad_order_id" time="0.223" /><testcase classname="tests.test_features_iter2.TestShiftGuardAndRbac" name="test_close_shift_blocked_by_open_order" time="0.818" /><testcase classname="tests.test_features_iter2.TestShiftGuardAndRbac" name="test_waiter_cannot_pay" time="0.298" /><testcase classname="tests.test_features_iter3.TestPrinterEscT" name="test_seeded_printers_have_esct_and_codepage" time="0.091" /><testcase classname="tests.test_features_iter3.TestPrinterEscT" name="test_create_update_printer_persists_esct" time="0.510" /><testcase classname="tests.test_features_iter3.TestPrinterEscT" name="test_escpos_payload_has_esc_at_and_esc_t" time="1.684" /><testcase classname="tests.test_features_iter3.TestVoidLastItem" name="test_void_last_item_deletes_order" time="0.605" /><testcase classname="tests.test_features_iter3.TestVoidLastItem" name="test_void_non_last_item_keeps_order" time="0.612" /><testcase classname="tests.test_features_iter3.TestSplitByIndex" name="test_split_by_index_creates_second_bill_on_same_table" time="1.094" /><testcase classname="tests.test_features_iter3.TestSplitByIndex" name="test_split_invalid_index_rejected" time="0.632" /><testcase classname="tests.test_features_iter3.TestLockoutRegression" name="test_valid_pin_after_many_bad_pins" time="1.513" /><testcase classname="tests.test_features_iter3.TestLockoutRegression" name="test_valid_admin_login_after_bad_passwords" time="3.436" /><testcase classname="tests.test_features_iter3.TestLockoutRegression" name="test_lockout_triggers_for_bad_identity" time="1.288" /><testcase classname="tests.test_features_iter3.TestShiftRbac" name="test_waiter_cannot_open_shift" time="0.082" /><testcase classname="tests.test_features_iter3.TestShiftRbac" name="test_cashier_can_open_shift" time="0.091" /><testcase classname="tests.test_features_iter3.TestShiftCloseGuard" name="test_guard_blocks_then_allows" time="0.721" /><testcase classname="tests.test_inventory.TestInventory" name="test_item_crud" time="0.325" /><testcase classname="tests.test_inventory.TestInventory" name="test_invoice_increases_balance" time="0.484" /><testcase classname="tests.test_inventory.TestInventory" name="test_writeoff_decreases_balance" time="0.308" /><testcase classname="tests.test_inventory.TestInventory" name="test_writeoff_more_than_balance_rejected" time="0.314" /><testcase classname="tests.test_inventory.TestInventory" name="test_writeoff_unknown_item_404" time="0.080" /><testcase classname="tests.test_inventory.TestSuppliers" name="test_crud" time="0.344" /><testcase classname="tests.test_pos_flow.TestPosFlow" name="test_full_order_lifecycle_and_reports" time="2.264" /><testcase classname="tests.test_pos_flow.TestPosFlow" name="test_discount_applied_on_pay" time="0.485" /><testcase classname="tests.test_pos_flow.TestPosFlow" name="test_order_not_found" time="0.086" /><testcase classname="tests.test_pos_flow.TestPosFlow" name="test_orders_filter_by_status" time="0.098" /><testcase classname="tests.test_printing.TestPrinters" name="test_seeded_printers_present" time="0.223" /><testcase classname="tests.test_printing.TestPrinters" name="test_printer_crud_lifecycle" time="0.498" /><testcase classname="tests.test_printing.TestPrinters" name="test_printer_bad_id_returns_404" time="0.076" /><testcase classname="tests.test_printing.TestPrinters" name="test_printer_create_requires_admin" time="0.088" /><testcase classname="tests.test_printing.TestAgents" name="test_seeded_agent_has_key" time="0.092" /><testcase classname="tests.test_printing.TestAgents" name="test_create_and_delete_agent" time="0.317" /><testcase classname="tests.test_printing.TestAgents" name="test_agents_admin_only" time="0.088" /><testcase classname="tests.test_printing.TestAgents" name="test_agent_bridge_requires_valid_key" time="0.310" /><testcase classname="tests.test_printing.TestAgents" name="test_agent_bridge_with_key" time="0.414" /><testcase classname="tests.test_printing.TestPrintJobs" name="test_send_creates_ticket_jobs_grouped_by_workshop" time="0.739" /><testcase classname="tests.test_printing.TestPrintJobs" name="test_delta_send_only_new_items" time="0.556" /><testcase classname="tests.test_printing.TestPrintJobs" name="test_request_bill_creates_precheck_job" time="0.289" /><testcase classname="tests.test_printing.TestPrintJobs" name="test_void_printed_item_creates_void_job" time="0.455" /><testcase classname="tests.test_printing.TestPrintJobs" name="test_emulator_prints_pending_jobs" time="0.547" /><testcase classname="tests.test_printing.TestPrintJobs" name="test_emulate_admin_only" time="0.090" /><testcase classname="tests.test_printing.TestPrintJobs" name="test_retry_resets_job_to_pending" time="30.970" /><testcase classname="tests.test_printing.TestPrintJobs" name="test_retry_bad_id" time="0.079" /><testcase classname="tests.test_printing.TestPrintJobs" name="test_print_jobs_admin_only" time="0.099" /></testsuite></testsuites>